Analysis initiated from SIMULIA established products
Abaqus JOB Job-2
Abaqus 2023
USING MEMORY DOUG-LEA ALLOCATOR
Abaqus License Manager checked out the following licenses:
Abaqus/Explicit checked out 5 tokens from Flexnet server abaqus.lic.tudelft.nl.
<137 out of 450 licenses remain available>.
Begin Analysis Input File Processor
26-5-2025 15:52:25
Run pre.exe
26-5-2025 15:52:31
End Analysis Input File Processor
Begin Abaqus/Explicit Packager
26-5-2025 15:52:31
PAC_NUM_THREADS VALUE: 1
Run package.exe
26-5-2025 15:52:52
End Abaqus/Explicit Packager
Begin Abaqus/Explicit Analysis
26-5-2025 15:52:52
Run explicit.exe
27-5-2025 00:40:05
End Abaqus/Explicit Analysis
Abaqus JOB Job-2 COMPLETED
