Abaqus/Explicit 2023                             DATE 27-mei-2025  TIME 09:51:44
-------------------------------------------------------------------------------
 PREPROCESSOR WARNING MESSAGES
-------------------------------------------------------------------------------


***WARNING: There are 103 warning messages in the data (.dat) file.  Please
            check the data file for possible errors in the input file.


-------------------------------------------------------------------------------
 MODEL INFORMATION (IN GLOBAL X-Y COORDINATES)
-------------------------------------------------------------------------------

   Total mass in model = 17172.
   Center of mass of model = ( 1.565721E+01, 3.668538E+00,-2.500000E+00)

    Moments of Inertia :
                 About Center of Mass              About Origin
      I(XX)          5.281609E+04                  3.912521E+05
      I(YY)          1.913129E+05                  4.508420E+06
      I(ZZ)          1.732175E+05                  4.614106E+06
      I(XY)          5.193633E+04                 -9.344291E+05
      I(YZ)         -3.200802E-03                  1.574938E+05
      I(ZX)         -2.462623E-02                  6.721789E+05

-------------------------------------------------------------------------------
 STABLE TIME INCREMENT INFORMATION
-------------------------------------------------------------------------------


  The stable time increment estimate for each element is based on
  linearization about the initial state.


   Initial time increment = 1.25107E-05

   Statistics for all elements:
      Mean = 1.27962E-05
      Standard deviation = 0.0000

   Most critical elements:
    Element number   Rank    Time increment   Increment ratio
    (Instance name)
   ----------------------------------------------------------
          31          1       1.251065E-05      1.000000E+00
    HALFBLOCK-1-LIN-1-2-LIN-9-1
          33          2       1.251066E-05      9.999999E-01
    HALFBLOCK-1-LIN-1-2-LIN-7-1
          37          3       1.251066E-05      9.999999E-01
    HALFBLOCK-1-LIN-1-2-LIN-7-1
          42          4       1.251066E-05      9.999999E-01
    HALFBLOCK-1-LIN-1-2-LIN-7-1
          34          5       1.251066E-05      9.999999E-01
    HALFBLOCK-1-LIN-1-2-LIN-8-1
          35          6       1.251066E-05      9.999999E-01
    HALFBLOCK-1-LIN-1-2-LIN-9-1
          29          7       1.251066E-05      9.999999E-01
    HALFBLOCK-1-LIN-1-2-LIN-11-1
          33          8       1.251066E-05      9.999999E-01
    HALFBLOCK-1-LIN-1-2-LIN-11-1
          30          9       1.251066E-05      9.999998E-01
    HALFBLOCK-1-LIN-1-2-LIN-8-1
          40         10       1.251066E-05      9.999998E-01
    HALFBLOCK-1-LIN-1-2-LIN-9-1


  Instance name for the most critical element will be printed if the critical
  element changes or at the beginning of a new page.


-------------------------------------------------------------------------------

  INFORMATION REGARDING INITIAL CONTACT OVERCLOSURES FOR NEWLY DEFINED GENERAL
  CONTACT INTERACTIONS IN STEP 1

-------------------------------------------------------------------------------

  No initial node-face overclosures found.


  Abaqus/Explicit will attempt to resolve 1344 initial edge-edge
  overclosure(s).


  Maximum initial overclosure for edge-edge contact is 1.28616E-06 between the
  edge defined by nodes 137 and 161 of instance
  BLOCK-2-LIN-1-8-LIN-2-1-LIN--LIN-9-1 and the edge defined by nodes 72 and 96
  of instance HALFBLOCK-1-LIN-10-1


  Abaqus/Explicit will attempt to resolve 119 initial node-analytical rigid
  surface overclosure(s).


  Maximum initial overclosure for node-analytical rigid surface contact is
  5.60776E-06 between secondary node 25 of instance
  BLOCK-2-LIN-1-8-LIN-2-1-LIN-LIN-11-1 and the analytical rigid surface with
  reference node 1 of instance         .


  Maximum initial contact adjustment is: 1.02104E-07 at node 65 of instance
  HALFBLOCK-1-LIN-1-2-LIN-6-1.


  No node-face overclosures left unresolved.


  1339 edge-edge overclosure(s) left unresolved and will be stored as offsets.
  To help identify the nodes involved in the overclosures a node set
  InfoNodeUnresolvInitOver has been created.


  Maximum unresolved overclosure is 1.28616E-06 between the edge defined by
  nodes 41 and 65 of instance BLOCK-2-LIN-1-8-LIN-2-1-LIN-9-1 and the edge
  defined by nodes 72 and 96 of instance HALFBLOCK-1-LIN-1-2-LIN-10-1


  119 node-analytical rigid surface overclosure(s) left unresolved and will be
  stored as offsets. To help identify the nodes involved in the overclosures a
  node set InfoNodeUnresolvInitOver has been created.


  Maximum unresolved overclosure is 5.60776E-06 between node 25 of instance
  BLOCK-2-LIN-1-8-LIN-2-1-LIN-LIN-11-1 and the analytical rigid surface with
  reference node 1 of instance


***NOTE: You can view the deformed configuration due to the resolution of
         initial overclosures.  In increment 0, draw the deformed shape or
         draw a symbol plot of vector displacements.

------------------------------------------------------------------------------

Abaqus/Explicit 2023                             DATE 27-mei-2025  TIME 09:52:06

The single precision Abaqus/Explicit executable will be used in this analysis.


-------------------------------------------------------------------------------
 SOLUTION PROGRESS
-------------------------------------------------------------------------------

 STEP 1  ORIGIN 0.0000

  Total memory used for step 1 is approximately 159.3 megabytes.
  Global time estimation algorithm will be used.
  Scaling factor:  1.0000
              STEP     TOTAL      WALL      STABLE    CRITICAL    KINETIC      TOTAL
INCREMENT     TIME      TIME      TIME   INCREMENT     ELEMENT     ENERGY     ENERGY
        0  0.000E+00 0.000E+00  00:00:03 1.193E-05          31  0.000E+00  0.000E+00
INSTANCE WITH CRITICAL ELEMENT: HALFBLOCK-1-LIN-1-2-LIN-9-1
Output Field Frame Number   0, of   20, at step time 0.000E+00

***WARNING: THE ANALYSIS MAY NEED A LARGE NUMBER OF INCREMENTS (MORE THAN
            300000), AND IT MAY BE AFFECTED BY ROUND-OFF ERRORS. RUNNING THE
            DOUBLE PRECISION EXECUTABLE IS RECOMMENDED.

     4707  7.023E-02 7.023E-02  00:02:02 1.481E-05          31  2.183E-01  3.734E-04
INSTANCE WITH CRITICAL ELEMENT: HALFBLOCK-1-LIN-1-2-LIN-9-1
     9621  1.426E-01 1.426E-01  00:04:02 1.446E-05          42  1.131E-01  4.430E-04
INSTANCE WITH CRITICAL ELEMENT: HALFBLOCK-1-LIN-1-2-LIN-11-1
    14432  2.123E-01 2.123E-01  00:06:02 1.446E-05          29  9.202E-01  6.931E-03
INSTANCE WITH CRITICAL ELEMENT: HALFBLOCK-1-LIN-1-2
    18630  2.730E-01 2.730E-01  00:08:03 1.446E-05          29  2.657E-01  8.980E-03
INSTANCE WITH CRITICAL ELEMENT: HALFBLOCK-1-LIN-1-2-LIN-11-1
    22231  3.251E-01 3.251E-01  00:10:03 1.446E-05          38  8.912E-02  1.273E-02
INSTANCE WITH CRITICAL ELEMENT: HALFBLOCK-1-LIN-1-2-LIN-11-1
    25309  3.696E-01 3.696E-01  00:12:04 1.446E-05          29  6.957E-02  1.374E-02
INSTANCE WITH CRITICAL ELEMENT: HALFBLOCK-1-LIN-1-2-LIN-11-1
    28335  4.133E-01 4.133E-01  00:14:04 1.446E-05          42  6.392E-02  1.379E-02
INSTANCE WITH CRITICAL ELEMENT: HALFBLOCK-1-LIN-1-2-LIN-11-1
    31270  4.557E-01 4.557E-01  00:16:04 1.446E-05          29  7.496E-02  1.670E-02
INSTANCE WITH CRITICAL ELEMENT: HALFBLOCK-1-LIN-1-2-LIN-11-1
    34068  4.962E-01 4.962E-01  00:18:04 1.446E-05          33  8.627E-02  1.941E-02
INSTANCE WITH CRITICAL ELEMENT: HALFBLOCK-1-LIN-1-2-LIN-11-1
    36975  5.383E-01 5.383E-01  00:20:04 1.446E-05          37  1.071E-01  2.141E-02
INSTANCE WITH CRITICAL ELEMENT: HALFBLOCK-1-LIN-1-2-LIN-7-1
    40119  5.838E-01 5.838E-01  00:22:05 1.446E-05          36  1.294E-01  2.877E-02
INSTANCE WITH CRITICAL ELEMENT: HALFBLOCK-1-LIN-1-2-LIN-11-1
    41237  6.000E-01 6.000E-01  00:22:47 1.446E-05          40  9.385E-02  2.461E-02
INSTANCE WITH CRITICAL ELEMENT: HALFBLOCK-1-LIN-1-2-LIN-9-1
Output Field Frame Number   1, of   20, at step time 6.000E-01
    44404  6.459E-01 6.459E-01  00:24:49 1.446E-05          35  1.625E-01  3.657E-02
INSTANCE WITH CRITICAL ELEMENT: HALFBLOCK-1-LIN-1-2-LIN-9-1
    47517  6.910E-01 6.910E-01  00:26:49 1.446E-05          29  1.796E-01  3.703E-02
INSTANCE WITH CRITICAL ELEMENT: HALFBLOCK-1-LIN-1-2-LIN-11-1
    50574  7.352E-01 7.352E-01  00:28:49 1.446E-05          38  1.413E-01  3.281E-02
INSTANCE WITH CRITICAL ELEMENT: HALFBLOCK-1-LIN-1-2-LIN-11-1
    53620  7.794E-01 7.794E-01  00:30:49 1.446E-05          37  1.599E-01  3.626E-02
INSTANCE WITH CRITICAL ELEMENT: HALFBLOCK-1-LIN-1-2-LIN-7-1
    56737  8.245E-01 8.245E-01  00:32:49 1.446E-05          29  2.245E-01  4.296E-02
INSTANCE WITH CRITICAL ELEMENT: HALFBLOCK-1-LIN-1-2-LIN-11-1
    59826  8.693E-01 8.693E-01  00:34:50 1.446E-05          29  1.973E-01  4.265E-02
INSTANCE WITH CRITICAL ELEMENT: HALFBLOCK-1-LIN-1-2-LIN-11-1
    62773  9.119E-01 9.119E-01  00:36:50 1.446E-05          34  2.030E-01  4.216E-02
INSTANCE WITH CRITICAL ELEMENT: HALFBLOCK-1-LIN-1-2-LIN-8-1
