Abaqus/Explicit 2023                             DATE 25-apr-2025  TIME 14:15:19
-------------------------------------------------------------------------------
 PREPROCESSOR WARNING MESSAGES
-------------------------------------------------------------------------------


***WARNING: There are 1 warning messages in the data (.dat) file.  Please
            check the data file for possible errors in the input file.


-------------------------------------------------------------------------------
 MODEL INFORMATION (IN GLOBAL X-Y COORDINATES)
-------------------------------------------------------------------------------

   Total mass in model = 17172.
   Center of mass of model = ( 1.565721E+01, 3.668538E+00,-2.500000E+00)

    Moments of Inertia :
                 About Center of Mass              About Origin
      I(XX)          5.281609E+04                  3.912521E+05
      I(YY)          1.913129E+05                  4.508420E+06
      I(ZZ)          1.732175E+05                  4.614106E+06
      I(XY)          5.193633E+04                 -9.344291E+05
      I(YZ)         -3.200802E-03                  1.574938E+05
      I(ZX)         -2.462623E-02                  6.721789E+05

-------------------------------------------------------------------------------
 STABLE TIME INCREMENT INFORMATION
-------------------------------------------------------------------------------


  The stable time increment estimate for each element is based on
  linearization about the initial state.


   Initial time increment = 1.25107E-05

   Statistics for all elements:
      Mean = 1.27962E-05
      Standard deviation = 0.0000

   Most critical elements:
    Element number   Rank    Time increment   Increment ratio
    (Instance name)
   ----------------------------------------------------------
          31          1       1.251065E-05      1.000000E+00
    HALFBLOCK-1-LIN-1-2-LIN-9-1
          33          2       1.251066E-05      9.999999E-01
    HALFBLOCK-1-LIN-1-2-LIN-7-1
          37          3       1.251066E-05      9.999999E-01
    HALFBLOCK-1-LIN-1-2-LIN-7-1
          42          4       1.251066E-05      9.999999E-01
    HALFBLOCK-1-LIN-1-2-LIN-7-1
          34          5       1.251066E-05      9.999999E-01
    HALFBLOCK-1-LIN-1-2-LIN-8-1
          35          6       1.251066E-05      9.999999E-01
    HALFBLOCK-1-LIN-1-2-LIN-9-1
          29          7       1.251066E-05      9.999999E-01
    HALFBLOCK-1-LIN-1-2-LIN-11-1
          33          8       1.251066E-05      9.999999E-01
    HALFBLOCK-1-LIN-1-2-LIN-11-1
          30          9       1.251066E-05      9.999998E-01
    HALFBLOCK-1-LIN-1-2-LIN-8-1
          40         10       1.251066E-05      9.999998E-01
    HALFBLOCK-1-LIN-1-2-LIN-9-1


  Instance name for the most critical element will be printed if the critical
  element changes or at the beginning of a new page.


-------------------------------------------------------------------------------

  INFORMATION REGARDING INITIAL CONTACT OVERCLOSURES FOR NEWLY DEFINED GENERAL
  CONTACT INTERACTIONS IN STEP 1

-------------------------------------------------------------------------------

  No initial node-face overclosures found.


  Abaqus/Explicit will attempt to resolve 1344 initial edge-edge
  overclosure(s).


  Maximum initial overclosure for edge-edge contact is 1.28616E-06 between the
  edge defined by nodes 137 and 161 of instance
  BLOCK-2-LIN-1-8-LIN-2-1-LIN--LIN-9-1 and the edge defined by nodes 72 and 96
  of instance HALFBLOCK-1-LIN-10-1


  Abaqus/Explicit will attempt to resolve 119 initial node-analytical rigid
  surface overclosure(s).


  Maximum initial overclosure for node-analytical rigid surface contact is
  5.60776E-06 between secondary node 25 of instance
  BLOCK-2-LIN-1-8-LIN-2-1-LIN-LIN-11-1 and the analytical rigid surface with
  reference node 2 of instance         .


  Maximum initial contact adjustment is: 1.02104E-07 at node 65 of instance
  HALFBLOCK-1-LIN-1-2-LIN-6-1.


  No node-face overclosures left unresolved.


  1339 edge-edge overclosure(s) left unresolved and will be stored as offsets.
  To help identify the nodes involved in the overclosures a node set
  InfoNodeUnresolvInitOver has been created.


  Maximum unresolved overclosure is 1.28616E-06 between the edge defined by
  nodes 41 and 65 of instance BLOCK-2-LIN-1-8-LIN-2-1-LIN-9-1 and the edge
  defined by nodes 72 and 96 of instance HALFBLOCK-1-LIN-1-2-LIN-10-1


  119 node-analytical rigid surface overclosure(s) left unresolved and will be
  stored as offsets. To help identify the nodes involved in the overclosures a
  node set InfoNodeUnresolvInitOver has been created.


  Maximum unresolved overclosure is 5.60776E-06 between node 25 of instance
  BLOCK-2-LIN-1-8-LIN-2-1-LIN-LIN-11-1 and the analytical rigid surface with
  reference node 2 of instance


***NOTE: You can view the deformed configuration due to the resolution of
         initial overclosures.  In increment 0, draw the deformed shape or
         draw a symbol plot of vector displacements.

------------------------------------------------------------------------------

Abaqus/Explicit 2023                             DATE 25-apr-2025  TIME 14:15:38

The single precision Abaqus/Explicit executable will be used in this analysis.


-------------------------------------------------------------------------------
 SOLUTION PROGRESS
-------------------------------------------------------------------------------

 STEP 1  ORIGIN 0.0000

  Total memory used for step 1 is approximately 159.3 megabytes.
  Global time estimation algorithm will be used.
  Scaling factor:  1.0000
              STEP     TOTAL      WALL      STABLE    CRITICAL    KINETIC      TOTAL
INCREMENT     TIME      TIME      TIME   INCREMENT     ELEMENT     ENERGY     ENERGY
        0  0.000E+00 0.000E+00  00:00:01 1.193E-05          31  0.000E+00  0.000E+00
INSTANCE WITH CRITICAL ELEMENT: HALFBLOCK-1-LIN-1-2-LIN-9-1
Output Field Frame Number   0, of   20, at step time 0.000E+00
     2998  4.604E-02 4.604E-02  00:02:01 1.533E-05          42  2.041E-01  4.708E-02
INSTANCE WITH CRITICAL ELEMENT: HALFBLOCK-1-LIN-1-2-LIN-11-1
     3257  5.001E-02 5.001E-02  00:02:12 1.533E-05          35  2.095E-01  4.691E-02
INSTANCE WITH CRITICAL ELEMENT: HALFBLOCK-1-LIN-1-2-LIN-9-1
Output Field Frame Number   1, of   20, at step time 5.001E-02
     6242  9.576E-02 9.576E-02  00:04:13 1.533E-05          29  1.884E-01  4.171E-02
INSTANCE WITH CRITICAL ELEMENT: HALFBLOCK-1-LIN-1-2-LIN-11-1
     6519  1.000E-01 1.000E-01  00:04:25 1.533E-05          35  1.941E-01  4.350E-02
INSTANCE WITH CRITICAL ELEMENT: HALFBLOCK-1-LIN-1-2-LIN-4-1
Output Field Frame Number   2, of   20, at step time 1.000E-01
     9483  1.454E-01 1.454E-01  00:06:25 1.533E-05          31  1.698E-01  3.846E-02
INSTANCE WITH CRITICAL ELEMENT: HALFBLOCK-1-LIN-1-2-LIN-9-1
     9781  1.500E-01 1.500E-01  00:06:38 1.533E-05          36  1.977E-01  4.312E-02
INSTANCE WITH CRITICAL ELEMENT: HALFBLOCK-1-LIN-1-2-LIN-11-1
Output Field Frame Number   3, of   20, at step time 1.500E-01
    12762  1.957E-01 1.957E-01  00:08:39 1.533E-05          29  1.901E-01  4.547E-02
INSTANCE WITH CRITICAL ELEMENT: HALFBLOCK-1-LIN-1-2-LIN-11-1
    13042  2.000E-01 2.000E-01  00:08:51 1.533E-05          42  1.960E-01  4.435E-02
INSTANCE WITH CRITICAL ELEMENT: HALFBLOCK-1-LIN-1-2-LIN-11-1
Output Field Frame Number   4, of   20, at step time 2.000E-01
    15874  2.434E-01 2.434E-01  00:10:51 1.533E-05          29  2.201E-01  4.662E-02
INSTANCE WITH CRITICAL ELEMENT: HALFBLOCK-1-LIN-1-2-LIN-11-1
    16303  2.500E-01 2.500E-01  00:11:10 1.533E-05          29  2.361E-01  5.228E-02
INSTANCE WITH CRITICAL ELEMENT: HALFBLOCK-1-LIN-1-2-LIN-11-1
Output Field Frame Number   5, of   20, at step time 2.500E-01
    19123  2.932E-01 2.932E-01  00:13:11 1.533E-05          29  2.132E-01  4.583E-02
INSTANCE WITH CRITICAL ELEMENT: HALFBLOCK-1-LIN-1-2-LIN-11-1
    19567  3.000E-01 3.000E-01  00:13:31 1.533E-05          29  1.965E-01  4.254E-02
INSTANCE WITH CRITICAL ELEMENT: HALFBLOCK-1-LIN-1-2-LIN-11-1
Output Field Frame Number   6, of   20, at step time 3.000E-01
    22542  3.456E-01 3.456E-01  00:15:32 1.531E-05          38  2.199E-01  4.879E-02
INSTANCE WITH CRITICAL ELEMENT: HALFBLOCK-1-LIN-1-2-LIN-11-1
    22831  3.500E-01 3.500E-01  00:15:44 1.531E-05          42  2.154E-01  4.893E-02
INSTANCE WITH CRITICAL ELEMENT: HALFBLOCK-1-LIN-1-2-LIN-11-1
Output Field Frame Number   7, of   20, at step time 3.500E-01
    25705  3.940E-01 3.940E-01  00:17:45 1.531E-05          38  2.249E-01  4.822E-02
INSTANCE WITH CRITICAL ELEMENT: HALFBLOCK-1-LIN-1-2
    26095  4.000E-01 4.000E-01  00:18:01 1.531E-05          33  2.301E-01  5.105E-02
INSTANCE WITH CRITICAL ELEMENT: HALFBLOCK-1-LIN-1-2-LIN-11-1
Output Field Frame Number   8, of   20, at step time 4.000E-01
    29056  4.454E-01 4.454E-01  00:20:02 1.531E-05          29  2.234E-01  4.967E-02
INSTANCE WITH CRITICAL ELEMENT: HALFBLOCK-1-LIN-1-2-LIN-11-1
    29359  4.500E-01 4.500E-01  00:20:15 1.531E-05          29  2.261E-01  4.901E-02
INSTANCE WITH CRITICAL ELEMENT: HALFBLOCK-1-LIN-11-1
Output Field Frame Number   9, of   20, at step time 4.500E-01
    32205  4.936E-01 4.936E-01  00:22:16 1.530E-05          33  2.434E-01  5.037E-02
INSTANCE WITH CRITICAL ELEMENT: HALFBLOCK-1-LIN-1-2-LIN-11-1
    32626  5.000E-01 5.000E-01  00:22:33 1.530E-05          36  2.280E-01  4.995E-02
INSTANCE WITH CRITICAL ELEMENT: HALFBLOCK-1-LIN-1-2-LIN-11-1
Output Field Frame Number  10, of   20, at step time 5.000E-01
    35551  5.448E-01 5.448E-01  00:24:34 1.530E-05          40  2.009E-01  4.732E-02
INSTANCE WITH CRITICAL ELEMENT: HALFBLOCK-1-LIN-1-2
    35890  5.500E-01 5.500E-01  00:24:48 1.530E-05          42  1.930E-01  4.536E-02
INSTANCE WITH CRITICAL ELEMENT: HALFBLOCK-1-LIN-1-2
Output Field Frame Number  11, of   20, at step time 5.500E-01
    38842  5.952E-01 5.952E-01  00:26:49 1.530E-05          42  1.932E-01  4.686E-02
INSTANCE WITH CRITICAL ELEMENT: HALFBLOCK-1-LIN-1-2-LIN-11-1
    39154  6.000E-01 6.000E-01  00:27:02 1.530E-05          29  2.408E-01  4.900E-02
INSTANCE WITH CRITICAL ELEMENT: HALFBLOCK-1-LIN-1-2-LIN-11-1
Output Field Frame Number  12, of   20, at step time 6.000E-01
    41981  6.433E-01 6.433E-01  00:29:03 1.530E-05          42  1.995E-01  4.405E-02
INSTANCE WITH CRITICAL ELEMENT: HALFBLOCK-1-LIN-1-2-LIN-11-1
    42418  6.500E-01 6.500E-01  00:29:22 1.530E-05          41  2.164E-01  4.614E-02
INSTANCE WITH CRITICAL ELEMENT: HALFBLOCK-1-LIN-1-2-LIN-2-1
Output Field Frame Number  13, of   20, at step time 6.500E-01
    45311  6.943E-01 6.943E-01  00:31:22 1.530E-05          29  2.086E-01  4.762E-02
INSTANCE WITH CRITICAL ELEMENT: HALFBLOCK-1-LIN-1-2-LIN-11-1
    45682  7.000E-01 7.000E-01  00:31:38 1.530E-05          29  2.250E-01  4.998E-02
INSTANCE WITH CRITICAL ELEMENT: HALFBLOCK-1-LIN-1-2-LIN-11-1
Output Field Frame Number  14, of   20, at step time 7.000E-01
    48675  7.459E-01 7.459E-01  00:33:38 1.530E-05          29  2.538E-01  5.397E-02
INSTANCE WITH CRITICAL ELEMENT: HALFBLOCK-1-LIN-1-2-LIN-11-1
    48946  7.500E-01 7.500E-01  00:33:50 1.530E-05          31  2.250E-01  4.866E-02
INSTANCE WITH CRITICAL ELEMENT: HALFBLOCK-1-LIN-1-2
Output Field Frame Number  15, of   20, at step time 7.500E-01
    51783  7.935E-01 7.935E-01  00:35:51 1.530E-05          35  2.330E-01  5.226E-02
INSTANCE WITH CRITICAL ELEMENT: HALFBLOCK-1-LIN-1-2-LIN-9-1
    52210  8.000E-01 8.000E-01  00:36:08 1.530E-05          36  2.473E-01  5.633E-02
INSTANCE WITH CRITICAL ELEMENT: HALFBLOCK-1-LIN-1-2-LIN-11-1
Output Field Frame Number  16, of   20, at step time 8.000E-01
    55029  8.432E-01 8.432E-01  00:38:09 1.530E-05          33  2.354E-01  5.001E-02
INSTANCE WITH CRITICAL ELEMENT: HALFBLOCK-1-LIN-1-2-LIN-11-1
    55474  8.500E-01 8.500E-01  00:38:28 1.530E-05          36  2.111E-01  4.726E-02
INSTANCE WITH CRITICAL ELEMENT: HALFBLOCK-1-LIN-1-2-LIN-11-1
Output Field Frame Number  17, of   20, at step time 8.500E-01
    58433  8.953E-01 8.953E-01  00:40:28 1.530E-05          29  1.982E-01  4.619E-02
INSTANCE WITH CRITICAL ELEMENT: HALFBLOCK-1-LIN-1-2-LIN-11-1
    58738  9.000E-01 9.000E-01  00:40:41 1.530E-05          33  2.012E-01  4.999E-02
INSTANCE WITH CRITICAL ELEMENT: HALFBLOCK-1-LIN-1-2-LIN-11-1
Output Field Frame Number  18, of   20, at step time 9.000E-01
    61691  9.452E-01 9.452E-01  00:42:41 1.530E-05          41  2.205E-01  4.865E-02
INSTANCE WITH CRITICAL ELEMENT: HALFBLOCK-1-LIN-1-2-LIN-2-1
    62002  9.500E-01 9.500E-01  00:42:54 1.530E-05          29  2.318E-01  5.189E-02
INSTANCE WITH CRITICAL ELEMENT: HALFBLOCK-1-LIN-1-2-LIN-11-1
Output Field Frame Number  19, of   20, at step time 9.500E-01
    64948  9.951E-01 9.951E-01  00:44:54 1.530E-05          42  2.194E-01  4.881E-02
INSTANCE WITH CRITICAL ELEMENT: HALFBLOCK-1-LIN-1-2-LIN-11-1

 STEP 1  ORIGIN 0.0000

              STEP     TOTAL      WALL      STABLE    CRITICAL    KINETIC      TOTAL
INCREMENT     TIME      TIME      TIME   INCREMENT     ELEMENT     ENERGY     ENERGY
    65266  1.000E+00 1.000E+00  00:45:08 1.530E-05          35  2.279E-01  4.836E-02
INSTANCE WITH CRITICAL ELEMENT: HALFBLOCK-1-LIN-1-2-LIN-4-1
Restart Number  1 at 1.0000
Output Field Frame Number  20, of   20, at step time 1.000E+00
  EXPLICIT EXECUTABLE TIME SUMMARY
       USER TIME (SEC)      =   2687.3
       SYSTEM TIME (SEC)    =   1.8000
       WALLCLOCK TIME (SEC) =         2709
              INIT (SEC) =          2
              MAIN (SEC) =       2707

  THE ANALYSIS HAS COMPLETED SUCCESSFULLY

