Analysis initiated from SIMULIA established products
Abaqus JOB Job-2
Abaqus 2023
USING MEMORY DOUG-LEA ALLOCATOR
Abaqus License Manager checked out the following licenses:
Abaqus/Explicit checked out 5 tokens from Flexnet server abaqus.lic.tudelft.nl.
<12 out of 450 licenses remain available>.
Begin Analysis Input File Processor
28-4-2025 16:04:10
Run pre.exe
28-4-2025 16:04:16
End Analysis Input File Processor
Begin Abaqus/Explicit Packager
28-4-2025 16:04:16
PAC_NUM_THREADS VALUE: 1
Run package.exe
28-4-2025 16:04:42
End Abaqus/Explicit Packager
Begin Abaqus/Explicit Analysis
28-4-2025 16:04:42
Run explicit.exe
29-4-2025 00:27:57
End Abaqus/Explicit Analysis
Abaqus JOB Job-2 COMPLETED
