Abaqus/Explicit 2023                             DATE 28-apr-2025  TIME 16:04:19
-------------------------------------------------------------------------------
 PREPROCESSOR WARNING MESSAGES
-------------------------------------------------------------------------------


***WARNING: There are 1 warning messages in the data (.dat) file.  Please
            check the data file for possible errors in the input file.


-------------------------------------------------------------------------------
 MODEL INFORMATION (IN GLOBAL X-Y COORDINATES)
-------------------------------------------------------------------------------

   Total mass in model = 17172.
   Center of mass of model = ( 1.565721E+01, 3.668538E+00,-2.500000E+00)

    Moments of Inertia :
                 About Center of Mass              About Origin
      I(XX)          5.281609E+04                  3.912521E+05
      I(YY)          1.913129E+05                  4.508420E+06
      I(ZZ)          1.732175E+05                  4.614106E+06
      I(XY)          5.193633E+04                 -9.344291E+05
      I(YZ)         -3.200802E-03                  1.574938E+05
      I(ZX)         -2.462623E-02                  6.721789E+05

-------------------------------------------------------------------------------
 STABLE TIME INCREMENT INFORMATION
-------------------------------------------------------------------------------


  The stable time increment estimate for each element is based on
  linearization about the initial state.


   Initial time increment = 1.25107E-05

   Statistics for all elements:
      Mean = 1.27962E-05
      Standard deviation = 0.0000

   Most critical elements:
    Element number   Rank    Time increment   Increment ratio
    (Instance name)
   ----------------------------------------------------------
          31          1       1.251065E-05      1.000000E+00
    HALFBLOCK-1-LIN-1-2-LIN-9-1
          33          2       1.251066E-05      9.999999E-01
    HALFBLOCK-1-LIN-1-2-LIN-7-1
          37          3       1.251066E-05      9.999999E-01
    HALFBLOCK-1-LIN-1-2-LIN-7-1
          42          4       1.251066E-05      9.999999E-01
    HALFBLOCK-1-LIN-1-2-LIN-7-1
          34          5       1.251066E-05      9.999999E-01
    HALFBLOCK-1-LIN-1-2-LIN-8-1
          35          6       1.251066E-05      9.999999E-01
    HALFBLOCK-1-LIN-1-2-LIN-9-1
          29          7       1.251066E-05      9.999999E-01
    HALFBLOCK-1-LIN-1-2-LIN-11-1
          33          8       1.251066E-05      9.999999E-01
    HALFBLOCK-1-LIN-1-2-LIN-11-1
          30          9       1.251066E-05      9.999998E-01
    HALFBLOCK-1-LIN-1-2-LIN-8-1
          40         10       1.251066E-05      9.999998E-01
    HALFBLOCK-1-LIN-1-2-LIN-9-1


  Instance name for the most critical element will be printed if the critical
  element changes or at the beginning of a new page.


-------------------------------------------------------------------------------

  INFORMATION REGARDING INITIAL CONTACT OVERCLOSURES FOR NEWLY DEFINED GENERAL
  CONTACT INTERACTIONS IN STEP 1

-------------------------------------------------------------------------------

  No initial node-face overclosures found.


  Abaqus/Explicit will attempt to resolve 1344 initial edge-edge
  overclosure(s).


  Maximum initial overclosure for edge-edge contact is 1.28616E-06 between the
  edge defined by nodes 137 and 161 of instance
  BLOCK-2-LIN-1-8-LIN-2-1-LIN--LIN-9-1 and the edge defined by nodes 72 and 96
  of instance HALFBLOCK-1-LIN-10-1


  Abaqus/Explicit will attempt to resolve 119 initial node-analytical rigid
  surface overclosure(s).


  Maximum initial overclosure for node-analytical rigid surface contact is
  5.60776E-06 between secondary node 25 of instance
  BLOCK-2-LIN-1-8-LIN-2-1-LIN-LIN-11-1 and the analytical rigid surface with
  reference node 1 of instance         .


  Maximum initial contact adjustment is: 1.02104E-07 at node 65 of instance
  HALFBLOCK-1-LIN-1-2-LIN-6-1.


  No node-face overclosures left unresolved.


  1339 edge-edge overclosure(s) left unresolved and will be stored as offsets.
  To help identify the nodes involved in the overclosures a node set
  InfoNodeUnresolvInitOver has been created.


  Maximum unresolved overclosure is 1.28616E-06 between the edge defined by
  nodes 41 and 65 of instance BLOCK-2-LIN-1-8-LIN-2-1-LIN-9-1 and the edge
  defined by nodes 72 and 96 of instance HALFBLOCK-1-LIN-1-2-LIN-10-1


  119 node-analytical rigid surface overclosure(s) left unresolved and will be
  stored as offsets. To help identify the nodes involved in the overclosures a
  node set InfoNodeUnresolvInitOver has been created.


  Maximum unresolved overclosure is 5.60776E-06 between node 25 of instance
  BLOCK-2-LIN-1-8-LIN-2-1-LIN-LIN-11-1 and the analytical rigid surface with
  reference node 1 of instance


***NOTE: You can view the deformed configuration due to the resolution of
         initial overclosures.  In increment 0, draw the deformed shape or
         draw a symbol plot of vector displacements.

------------------------------------------------------------------------------

Abaqus/Explicit 2023                             DATE 28-apr-2025  TIME 16:04:45

The single precision Abaqus/Explicit executable will be used in this analysis.


-------------------------------------------------------------------------------
 SOLUTION PROGRESS
-------------------------------------------------------------------------------

 STEP 1  ORIGIN 0.0000

  Total memory used for step 1 is approximately 160.2 megabytes.
  Global time estimation algorithm will be used.
  Scaling factor:  1.0000
              STEP     TOTAL      WALL      STABLE    CRITICAL    KINETIC      TOTAL
INCREMENT     TIME      TIME      TIME   INCREMENT     ELEMENT     ENERGY     ENERGY
        0  0.000E+00 0.000E+00  00:00:01 1.193E-05          31  0.000E+00  0.000E+00
INSTANCE WITH CRITICAL ELEMENT: HALFBLOCK-1-LIN-1-2-LIN-9-1
Output Field Frame Number   0, of   20, at step time 0.000E+00

***WARNING: THE ANALYSIS MAY NEED A LARGE NUMBER OF INCREMENTS (MORE THAN
            300000), AND IT MAY BE AFFECTED BY ROUND-OFF ERRORS. RUNNING THE
            DOUBLE PRECISION EXECUTABLE IS RECOMMENDED.

     2942  4.477E-02 4.477E-02  00:02:01 1.519E-05          42  1.731E-01  3.983E-02
INSTANCE WITH CRITICAL ELEMENT: HALFBLOCK-1-LIN-1-2
     5851  8.897E-02 8.897E-02  00:04:01 1.519E-05          29  1.526E-01  3.765E-02
INSTANCE WITH CRITICAL ELEMENT: HALFBLOCK-1-LIN-1-2-LIN-11-1
     8729  1.327E-01 1.327E-01  00:06:01 1.519E-05          29  2.095E-01  4.392E-02
INSTANCE WITH CRITICAL ELEMENT: HALFBLOCK-1-LIN-1-2-LIN-11-1
    11758  1.787E-01 1.787E-01  00:08:01 1.519E-05          29  2.385E-01  4.781E-02
INSTANCE WITH CRITICAL ELEMENT: HALFBLOCK-1-LIN-1-2-LIN-11-1
    14785  2.246E-01 2.246E-01  00:10:01 1.519E-05          29  2.013E-01  4.464E-02
INSTANCE WITH CRITICAL ELEMENT: HALFBLOCK-1-LIN-1-2-LIN-11-1
    17812  2.706E-01 2.706E-01  00:12:01 1.519E-05          29  2.406E-01  4.597E-02
INSTANCE WITH CRITICAL ELEMENT: HALFBLOCK-1-LIN-1-2-LIN-11-1
    20816  3.163E-01 3.163E-01  00:14:01 1.519E-05          35  2.073E-01  4.712E-02
INSTANCE WITH CRITICAL ELEMENT: HALFBLOCK-1-LIN-1-2-LIN-4-1
    23846  3.623E-01 3.623E-01  00:16:01 1.519E-05          37  1.932E-01  4.510E-02
INSTANCE WITH CRITICAL ELEMENT: HALFBLOCK-1-LIN-1-2-LIN-4-1
    26869  4.083E-01 4.083E-01  00:18:01 1.519E-05          35  2.179E-01  4.638E-02
INSTANCE WITH CRITICAL ELEMENT: HALFBLOCK-1-LIN-1-2-LIN-4-1
    29900  4.544E-01 4.544E-01  00:20:01 1.519E-05          29  1.968E-01  4.680E-02
INSTANCE WITH CRITICAL ELEMENT: HALFBLOCK-1-LIN-1-2-LIN-11-1
    32911  5.001E-01 5.001E-01  00:22:01 1.519E-05          31  1.851E-01  4.490E-02
INSTANCE WITH CRITICAL ELEMENT: HALFBLOCK-1-LIN-1-2
    35922  5.459E-01 5.459E-01  00:24:01 1.519E-05          35  2.158E-01  4.684E-02
INSTANCE WITH CRITICAL ELEMENT: HALFBLOCK-1-LIN-1-2-LIN-4-1
    38927  5.916E-01 5.916E-01  00:26:01 1.519E-05          29  1.913E-01  4.382E-02
INSTANCE WITH CRITICAL ELEMENT: HALFBLOCK-1-LIN-1-2-LIN-11-1
    39483  6.000E-01 6.000E-01  00:26:23 1.519E-05          42  1.811E-01  4.204E-02
INSTANCE WITH CRITICAL ELEMENT: HALFBLOCK-1-LIN-1-2-LIN-11-1
Output Field Frame Number   1, of   20, at step time 6.000E-01
    42633  6.479E-01 6.479E-01  00:28:24 1.519E-05          36  2.163E-01  4.671E-02
INSTANCE WITH CRITICAL ELEMENT: HALFBLOCK-1-LIN-11-1
    45779  6.957E-01 6.957E-01  00:30:24 1.519E-05          31  2.324E-01  4.999E-02
INSTANCE WITH CRITICAL ELEMENT: HALFBLOCK-1-LIN-1-2-LIN-9-1
    48919  7.434E-01 7.434E-01  00:32:24 1.519E-05          29  2.151E-01  4.564E-02
INSTANCE WITH CRITICAL ELEMENT: HALFBLOCK-1-LIN-1-2-LIN-11-1
    52081  7.915E-01 7.915E-01  00:34:24 1.519E-05          36  2.278E-01  5.058E-02
INSTANCE WITH CRITICAL ELEMENT: HALFBLOCK-1-LIN-1-2-LIN-11-1
    55229  8.393E-01 8.393E-01  00:36:24 1.519E-05          33  1.876E-01  4.118E-02
INSTANCE WITH CRITICAL ELEMENT: HALFBLOCK-1-LIN-1-2-LIN-11-1
    58364  8.870E-01 8.870E-01  00:38:24 1.519E-05          29  1.887E-01  4.372E-02
INSTANCE WITH CRITICAL ELEMENT: HALFBLOCK-1-LIN-1-2-LIN-11-1
    61506  9.347E-01 9.347E-01  00:40:24 1.519E-05          29  1.992E-01  4.373E-02
INSTANCE WITH CRITICAL ELEMENT: HALFBLOCK-1-LIN-1-2-LIN-11-1
    64657  9.826E-01 9.826E-01  00:42:24 1.519E-05          29  2.292E-01  4.847E-02
INSTANCE WITH CRITICAL ELEMENT: HALFBLOCK-1-LIN-1-2-LIN-11-1
    67801  1.030E+00 1.030E+00  00:44:24 1.519E-05          29  2.075E-01  4.546E-02
INSTANCE WITH CRITICAL ELEMENT: HALFBLOCK-1-LIN-1-2-LIN-11-1
    70940  1.078E+00 1.078E+00  00:46:24 1.519E-05          29  1.976E-01  4.471E-02
INSTANCE WITH CRITICAL ELEMENT: HALFBLOCK-1-LIN-1-2-LIN-11-1
    74080  1.125E+00 1.125E+00  00:48:24 1.519E-05          29  1.874E-01  4.448E-02
INSTANCE WITH CRITICAL ELEMENT: HALFBLOCK-1-LIN-1-2-LIN-11-1
    77236  1.173E+00 1.173E+00  00:50:24 1.518E-05          38  1.835E-01  4.296E-02
INSTANCE WITH CRITICAL ELEMENT: HALFBLOCK-1-LIN-1-2-LIN-11-1
    79011  1.200E+00 1.200E+00  00:51:32 1.518E-05          42  1.911E-01  4.413E-02
INSTANCE WITH CRITICAL ELEMENT: HALFBLOCK-1-LIN-1-2-LIN-11-1
Output Field Frame Number   2, of   20, at step time 1.200E+00
    82062  1.246E+00 1.246E+00  00:53:33 1.518E-05          38  2.076E-01  4.667E-02
INSTANCE WITH CRITICAL ELEMENT: HALFBLOCK-1-LIN-1-2-LIN-11-1
    85234  1.294E+00 1.294E+00  00:55:33 1.518E-05          38  2.081E-01  4.770E-02
INSTANCE WITH CRITICAL ELEMENT: HALFBLOCK-1-LIN-1-2-LIN-11-1
    88383  1.342E+00 1.342E+00  00:57:33 1.518E-05          35  2.149E-01  4.993E-02
INSTANCE WITH CRITICAL ELEMENT: HALFBLOCK-1-LIN-1-2-LIN-4-1
    91549  1.390E+00 1.390E+00  00:59:33 1.518E-05          38  2.061E-01  4.653E-02
INSTANCE WITH CRITICAL ELEMENT: HALFBLOCK-1-LIN-1-2-LIN-11-1
    94712  1.438E+00 1.438E+00  01:01:33 1.518E-05          29  2.196E-01  5.007E-02
INSTANCE WITH CRITICAL ELEMENT: HALFBLOCK-1-LIN-1-2-LIN-11-1
    97873  1.486E+00 1.486E+00  01:03:33 1.518E-05          29  2.297E-01  4.972E-02
INSTANCE WITH CRITICAL ELEMENT: HALFBLOCK-1-LIN-1-2-LIN-11-1
   101035  1.533E+00 1.533E+00  01:05:33 1.518E-05          29  2.144E-01  5.043E-02
INSTANCE WITH CRITICAL ELEMENT: HALFBLOCK-1-LIN-1-2-LIN-11-1
   104183  1.581E+00 1.581E+00  01:07:33 1.518E-05          35  1.995E-01  4.739E-02
INSTANCE WITH CRITICAL ELEMENT: HALFBLOCK-1-LIN-1-2-LIN-9-1
   107337  1.629E+00 1.629E+00  01:09:33 1.518E-05          35  2.177E-01  5.306E-02
INSTANCE WITH CRITICAL ELEMENT: HALFBLOCK-1-LIN-1-2-LIN-4-1
   110469  1.676E+00 1.676E+00  01:11:33 1.518E-05          42  2.190E-01  4.852E-02
INSTANCE WITH CRITICAL ELEMENT: HALFBLOCK-1-LIN-1-2-LIN-11-1
   113629  1.724E+00 1.724E+00  01:13:33 1.518E-05          29  1.915E-01  4.848E-02
INSTANCE WITH CRITICAL ELEMENT: HALFBLOCK-1-LIN-11-1
   116810  1.772E+00 1.772E+00  01:15:33 1.518E-05          42  2.139E-01  4.802E-02
INSTANCE WITH CRITICAL ELEMENT: HALFBLOCK-1-LIN-1-2-LIN-11-1

 STEP 1  ORIGIN 0.0000

              STEP     TOTAL      WALL      STABLE    CRITICAL    KINETIC      TOTAL
INCREMENT     TIME      TIME      TIME   INCREMENT     ELEMENT     ENERGY     ENERGY
   118642  1.800E+00 1.800E+00  01:16:42 1.518E-05          37  2.193E-01  4.975E-02
INSTANCE WITH CRITICAL ELEMENT: HALFBLOCK-1-LIN-1-2-LIN-6-1
Output Field Frame Number   3, of   20, at step time 1.800E+00
   121793  1.848E+00 1.848E+00  01:18:43 1.518E-05          31  1.842E-01  4.479E-02
INSTANCE WITH CRITICAL ELEMENT: HALFBLOCK-1-LIN-1-2
   124962  1.896E+00 1.896E+00  01:20:43 1.518E-05          33  2.067E-01  4.933E-02
INSTANCE WITH CRITICAL ELEMENT: HALFBLOCK-1-LIN-1-2-LIN-11-1
   128110  1.943E+00 1.943E+00  01:22:43 1.518E-05          42  2.080E-01  4.745E-02
INSTANCE WITH CRITICAL ELEMENT: HALFBLOCK-1-LIN-1-2-LIN-11-1
   131273  1.991E+00 1.991E+00  01:24:43 1.518E-05          29  2.298E-01  5.190E-02
INSTANCE WITH CRITICAL ELEMENT: HALFBLOCK-1-LIN-1-2-LIN-11-1
   134444  2.040E+00 2.040E+00  01:26:43 1.518E-05          35  2.542E-01  5.367E-02
INSTANCE WITH CRITICAL ELEMENT: HALFBLOCK-1-LIN-1-2-LIN-11-1
   137628  2.088E+00 2.088E+00  01:28:43 1.518E-05          29  2.258E-01  5.120E-02
INSTANCE WITH CRITICAL ELEMENT: HALFBLOCK-1-LIN-1-2-LIN-11-1
   140805  2.137E+00 2.137E+00  01:30:43 1.518E-05          36  2.071E-01  4.804E-02
INSTANCE WITH CRITICAL ELEMENT: HALFBLOCK-1-LIN-1-2-LIN-11-1
   143967  2.185E+00 2.185E+00  01:32:43 1.518E-05          42  2.243E-01  5.149E-02
INSTANCE WITH CRITICAL ELEMENT: HALFBLOCK-1-LIN-1-2-LIN-11-1
   147139  2.233E+00 2.233E+00  01:34:43 1.518E-05          42  2.206E-01  5.251E-02
INSTANCE WITH CRITICAL ELEMENT: HALFBLOCK-1-LIN-1-2-LIN-11-1
   150298  2.281E+00 2.281E+00  01:36:43 1.518E-05          36  2.081E-01  4.861E-02
INSTANCE WITH CRITICAL ELEMENT: HALFBLOCK-1-LIN-1-2-LIN-11-1
   153459  2.330E+00 2.330E+00  01:38:43 1.518E-05          33  2.236E-01  5.114E-02
INSTANCE WITH CRITICAL ELEMENT: HALFBLOCK-1-LIN-1-2-LIN-11-1
   156626  2.378E+00 2.378E+00  01:40:43 1.518E-05          38  2.283E-01  5.238E-02
INSTANCE WITH CRITICAL ELEMENT: HALFBLOCK-1-LIN-1-2-LIN-11-1
   158067  2.400E+00 2.400E+00  01:41:38 1.518E-05          35  2.306E-01  5.207E-02
INSTANCE WITH CRITICAL ELEMENT: HALFBLOCK-1-LIN-1-2-LIN-2-1
Output Field Frame Number   4, of   20, at step time 2.400E+00
   160991  2.445E+00 2.445E+00  01:43:39 1.518E-05          29  2.212E-01  4.906E-02
INSTANCE WITH CRITICAL ELEMENT: HALFBLOCK-1-LIN-1-2-LIN-11-1
   163937  2.490E+00 2.490E+00  01:45:39 1.518E-05          29  1.698E-01  4.363E-02
INSTANCE WITH CRITICAL ELEMENT: HALFBLOCK-1-LIN-1-2-LIN-11-1
   166874  2.534E+00 2.534E+00  01:47:39 1.518E-05          36  2.178E-01  5.028E-02
INSTANCE WITH CRITICAL ELEMENT: HALFBLOCK-1-LIN-1-2-LIN-11-1
   169833  2.580E+00 2.580E+00  01:49:39 1.518E-05          33  1.971E-01  4.698E-02
INSTANCE WITH CRITICAL ELEMENT: HALFBLOCK-1-LIN-1-2-LIN-11-1
   172771  2.624E+00 2.624E+00  01:51:39 1.518E-05          42  1.872E-01  4.722E-02
INSTANCE WITH CRITICAL ELEMENT: HALFBLOCK-1-LIN-1-2
   175717  2.669E+00 2.669E+00  01:53:39 1.518E-05          29  2.363E-01  5.493E-02
INSTANCE WITH CRITICAL ELEMENT: HALFBLOCK-1-LIN-1-2-LIN-11-1
   178671  2.714E+00 2.714E+00  01:55:39 1.518E-05          29  2.338E-01  5.176E-02
INSTANCE WITH CRITICAL ELEMENT: HALFBLOCK-1-LIN-11-1
   181620  2.759E+00 2.759E+00  01:57:39 1.518E-05          40  2.224E-01  5.014E-02
INSTANCE WITH CRITICAL ELEMENT: HALFBLOCK-1-LIN-1-2
   184562  2.804E+00 2.804E+00  01:59:39 1.518E-05          29  2.119E-01  5.268E-02
INSTANCE WITH CRITICAL ELEMENT: HALFBLOCK-1-LIN-1-2-LIN-11-1
   187503  2.849E+00 2.849E+00  02:01:39 1.518E-05          31  2.069E-01  4.976E-02
INSTANCE WITH CRITICAL ELEMENT: HALFBLOCK-1-LIN-1-2
   190443  2.894E+00 2.894E+00  02:03:39 1.518E-05          42  2.103E-01  5.030E-02
INSTANCE WITH CRITICAL ELEMENT: HALFBLOCK-1-LIN-1-2-LIN-11-1
   193385  2.939E+00 2.939E+00  02:05:39 1.518E-05          29  2.023E-01  4.782E-02
INSTANCE WITH CRITICAL ELEMENT: HALFBLOCK-1-LIN-1-2-LIN-11-1
   196335  2.984E+00 2.984E+00  02:07:39 1.518E-05          38  1.929E-01  4.524E-02
INSTANCE WITH CRITICAL ELEMENT: HALFBLOCK-1-LIN-1-2-LIN-11-1
   197388  3.000E+00 3.000E+00  02:08:22 1.518E-05          29  1.966E-01  4.818E-02
INSTANCE WITH CRITICAL ELEMENT: HALFBLOCK-1-LIN-1-2-LIN-11-1
Output Field Frame Number   5, of   20, at step time 3.000E+00
   200545  3.048E+00 3.048E+00  02:10:22 1.518E-05          31  2.097E-01  4.627E-02
INSTANCE WITH CRITICAL ELEMENT: HALFBLOCK-1-LIN-1-2
   203717  3.097E+00 3.097E+00  02:12:22 1.518E-05          38  2.275E-01  4.960E-02
INSTANCE WITH CRITICAL ELEMENT: HALFBLOCK-1-LIN-1-2-LIN-11-1
   206885  3.145E+00 3.145E+00  02:14:23 1.518E-05          29  2.208E-01  5.084E-02
INSTANCE WITH CRITICAL ELEMENT: HALFBLOCK-1-LIN-1-2-LIN-11-1
   210028  3.193E+00 3.193E+00  02:16:23 1.518E-05          35  2.054E-01  5.059E-02
INSTANCE WITH CRITICAL ELEMENT: HALFBLOCK-1-LIN-1-2-LIN-4-1
   213186  3.241E+00 3.241E+00  02:18:23 1.518E-05          42  2.232E-01  5.214E-02
INSTANCE WITH CRITICAL ELEMENT: HALFBLOCK-1-LIN-1-2-LIN-11-1
   216344  3.289E+00 3.289E+00  02:20:23 1.518E-05          33  1.955E-01  4.653E-02
INSTANCE WITH CRITICAL ELEMENT: HALFBLOCK-1-LIN-1-2-LIN-11-1
   219503  3.337E+00 3.337E+00  02:22:23 1.518E-05          29  1.857E-01  4.617E-02
INSTANCE WITH CRITICAL ELEMENT: HALFBLOCK-1-LIN-1-2-LIN-11-1
   222671  3.386E+00 3.386E+00  02:24:23 1.518E-05          41  2.104E-01  4.951E-02
INSTANCE WITH CRITICAL ELEMENT: HALFBLOCK-1-LIN-1-2-LIN-2-1
   225834  3.434E+00 3.434E+00  02:26:23 1.518E-05          29  1.966E-01  4.885E-02
INSTANCE WITH CRITICAL ELEMENT: HALFBLOCK-1-LIN-1-2-LIN-11-1
   228984  3.482E+00 3.482E+00  02:28:23 1.518E-05          40  2.098E-01  5.024E-02
INSTANCE WITH CRITICAL ELEMENT: HALFBLOCK-1-LIN-1-2
   232147  3.530E+00 3.530E+00  02:30:23 1.518E-05          29  2.089E-01  4.843E-02
INSTANCE WITH CRITICAL ELEMENT: HALFBLOCK-1-LIN-1-2-LIN-11-1
   235294  3.578E+00 3.578E+00  02:32:23 1.518E-05          42  2.090E-01  4.886E-02
INSTANCE WITH CRITICAL ELEMENT: HALFBLOCK-1-LIN-1-2-LIN-11-1

 STEP 1  ORIGIN 0.0000

              STEP     TOTAL      WALL      STABLE    CRITICAL    KINETIC      TOTAL
INCREMENT     TIME      TIME      TIME   INCREMENT     ELEMENT     ENERGY     ENERGY
   236710  3.600E+00 3.600E+00  02:33:17 1.518E-05          29  1.798E-01  4.610E-02
INSTANCE WITH CRITICAL ELEMENT: HALFBLOCK-1-LIN-1-2-LIN-11-1
Output Field Frame Number   6, of   20, at step time 3.600E+00
   239870  3.648E+00 3.648E+00  02:35:17 1.518E-05          29  2.088E-01  5.215E-02
INSTANCE WITH CRITICAL ELEMENT: HALFBLOCK-1-LIN-1-2-LIN-11-1
   243041  3.697E+00 3.697E+00  02:37:17 1.518E-05          42  2.167E-01  5.199E-02
INSTANCE WITH CRITICAL ELEMENT: HALFBLOCK-1-LIN-1-2-LIN-11-1
   246229  3.745E+00 3.745E+00  02:39:17 1.518E-05          29  2.164E-01  5.362E-02
INSTANCE WITH CRITICAL ELEMENT: HALFBLOCK-1-LIN-1-2-LIN-11-1
   249408  3.794E+00 3.794E+00  02:41:17 1.518E-05          29  2.057E-01  5.080E-02
INSTANCE WITH CRITICAL ELEMENT: HALFBLOCK-1-LIN-1-2-LIN-11-1
   252592  3.842E+00 3.842E+00  02:43:17 1.518E-05          37  2.109E-01  5.098E-02
INSTANCE WITH CRITICAL ELEMENT: HALFBLOCK-1-LIN-1-2-LIN-6-1
   255779  3.891E+00 3.891E+00  02:45:17 1.518E-05          37  1.869E-01  4.862E-02
INSTANCE WITH CRITICAL ELEMENT: HALFBLOCK-1-LIN-1-2-LIN-6-1
   258943  3.939E+00 3.939E+00  02:47:18 1.518E-05          29  2.177E-01  5.290E-02
INSTANCE WITH CRITICAL ELEMENT: HALFBLOCK-1-LIN-1-2-LIN-11-1
   262099  3.987E+00 3.987E+00  02:49:18 1.518E-05          29  2.068E-01  5.137E-02
INSTANCE WITH CRITICAL ELEMENT: HALFBLOCK-1-LIN-1-2-LIN-11-1
   265276  4.036E+00 4.036E+00  02:51:18 1.518E-05          41  2.237E-01  5.397E-02
INSTANCE WITH CRITICAL ELEMENT: HALFBLOCK-1-LIN-1-2-LIN-2-1
   268457  4.084E+00 4.084E+00  02:53:18 1.518E-05          33  1.814E-01  4.802E-02
INSTANCE WITH CRITICAL ELEMENT: HALFBLOCK-1-LIN-1-2-LIN-11-1
   271646  4.133E+00 4.133E+00  02:55:18 1.518E-05          29  1.818E-01  4.827E-02
INSTANCE WITH CRITICAL ELEMENT: HALFBLOCK-1-LIN-1-2-LIN-11-1
   274828  4.182E+00 4.182E+00  02:57:18 1.518E-05          29  1.963E-01  5.080E-02
INSTANCE WITH CRITICAL ELEMENT: HALFBLOCK-1-LIN-1-2-LIN-11-1
   276032  4.200E+00 4.200E+00  02:58:03 1.518E-05          29  2.137E-01  5.241E-02
INSTANCE WITH CRITICAL ELEMENT: HALFBLOCK-1-LIN-1-2-LIN-11-1
Output Field Frame Number   7, of   20, at step time 4.200E+00
   279214  4.249E+00 4.249E+00  03:00:04 1.518E-05          29  1.931E-01  5.026E-02
INSTANCE WITH CRITICAL ELEMENT: HALFBLOCK-1-LIN-1-2-LIN-11-1
   282400  4.297E+00 4.297E+00  03:02:04 1.518E-05          35  1.682E-01  4.304E-02
INSTANCE WITH CRITICAL ELEMENT: HALFBLOCK-1-LIN-1-2-LIN-2-1
   285580  4.346E+00 4.346E+00  03:04:04 1.518E-05          29  1.713E-01  4.795E-02
INSTANCE WITH CRITICAL ELEMENT: HALFBLOCK-1-LIN-1-2-LIN-11-1
   288747  4.394E+00 4.394E+00  03:06:04 1.518E-05          37  1.893E-01  4.851E-02
INSTANCE WITH CRITICAL ELEMENT: HALFBLOCK-1-LIN-1-2-LIN-6-1
   291931  4.443E+00 4.443E+00  03:08:04 1.518E-05          30  1.804E-01  4.573E-02
INSTANCE WITH CRITICAL ELEMENT: HALFBLOCK-1-LIN-1-2-LIN-8-1
   295119  4.491E+00 4.491E+00  03:10:04 1.518E-05          42  1.950E-01  4.967E-02
INSTANCE WITH CRITICAL ELEMENT: HALFBLOCK-1-LIN-1-2
   298297  4.540E+00 4.540E+00  03:12:04 1.518E-05          37  1.834E-01  4.801E-02
INSTANCE WITH CRITICAL ELEMENT: HALFBLOCK-1-LIN-1-2-LIN-6-1

***WARNING: THE ANALYSIS REACHED A LARGE NUMBER OF INCREMENTS (300000), AND IT
            MAY BE AFFECTED BY ROUND-OFF ERRORS. RUNNING THE DOUBLE PRECISION
            EXECUTABLE IS RECOMMENDED.

   301472  4.588E+00 4.588E+00  03:14:04 1.518E-05          37  2.159E-01  5.250E-02
INSTANCE WITH CRITICAL ELEMENT: HALFBLOCK-1-LIN-1-2-LIN-6-1
   304657  4.637E+00 4.637E+00  03:16:04 1.518E-05          38  1.818E-01  4.833E-02
INSTANCE WITH CRITICAL ELEMENT: HALFBLOCK-1-LIN-1-2-LIN-11-1
   307838  4.685E+00 4.685E+00  03:18:04 1.518E-05          42  1.717E-01  4.499E-02
INSTANCE WITH CRITICAL ELEMENT: HALFBLOCK-1-LIN-1-2-LIN-11-1
   311025  4.734E+00 4.734E+00  03:20:04 1.518E-05          42  1.787E-01  4.737E-02
INSTANCE WITH CRITICAL ELEMENT: HALFBLOCK-1-LIN-1-2-LIN-11-1
   314161  4.782E+00 4.782E+00  03:22:04 1.518E-05          29  1.810E-01  4.814E-02
INSTANCE WITH CRITICAL ELEMENT: HALFBLOCK-1-LIN-1-2-LIN-11-1
   315353  4.800E+00 4.800E+00  03:22:49 1.518E-05          38  1.941E-01  5.039E-02
INSTANCE WITH CRITICAL ELEMENT: HALFBLOCK-1-LIN-1-2-LIN-11-1
Output Field Frame Number   8, of   20, at step time 4.800E+00
   318534  4.849E+00 4.849E+00  03:24:49 1.518E-05          29  1.843E-01  5.062E-02
INSTANCE WITH CRITICAL ELEMENT: HALFBLOCK-1-LIN-1-2-LIN-11-1
   321732  4.897E+00 4.897E+00  03:26:50 1.518E-05          42  1.830E-01  4.991E-02
INSTANCE WITH CRITICAL ELEMENT: HALFBLOCK-1-LIN-1-2-LIN-11-1
   324914  4.946E+00 4.946E+00  03:28:50 1.518E-05          36  1.742E-01  4.776E-02
INSTANCE WITH CRITICAL ELEMENT: HALFBLOCK-1-LIN-1-2
   328090  4.994E+00 4.994E+00  03:30:50 1.518E-05          35  1.658E-01  4.690E-02
INSTANCE WITH CRITICAL ELEMENT: HALFBLOCK-1-LIN-1-2-LIN-4-1
   331270  5.043E+00 5.043E+00  03:32:50 1.518E-05          31  1.685E-01  4.470E-02
INSTANCE WITH CRITICAL ELEMENT: HALFBLOCK-1-LIN-1-2
   334462  5.092E+00 5.092E+00  03:34:50 1.518E-05          42  2.046E-01  5.144E-02
INSTANCE WITH CRITICAL ELEMENT: HALFBLOCK-1-LIN-1-2
   337621  5.140E+00 5.140E+00  03:36:50 1.518E-05          29  2.013E-01  5.130E-02
INSTANCE WITH CRITICAL ELEMENT: HALFBLOCK-1-LIN-1-2-LIN-11-1
   340817  5.189E+00 5.189E+00  03:38:50 1.518E-05          29  1.708E-01  4.826E-02
INSTANCE WITH CRITICAL ELEMENT: HALFBLOCK-1-LIN-1-2-LIN-11-1
   344012  5.237E+00 5.237E+00  03:40:50 1.518E-05          29  1.701E-01  4.740E-02
INSTANCE WITH CRITICAL ELEMENT: HALFBLOCK-1-LIN-1-2
   347171  5.286E+00 5.286E+00  03:42:50 1.518E-05          36  1.707E-01  4.896E-02
INSTANCE WITH CRITICAL ELEMENT: HALFBLOCK-1-LIN-1-2
   350365  5.334E+00 5.334E+00  03:44:50 1.518E-05          42  1.907E-01  4.965E-02
INSTANCE WITH CRITICAL ELEMENT: HALFBLOCK-1-LIN-1-2-LIN-11-1
   353545  5.383E+00 5.383E+00  03:46:50 1.518E-05          42  1.778E-01  4.914E-02
INSTANCE WITH CRITICAL ELEMENT: HALFBLOCK-1-LIN-1-2
   354675  5.400E+00 5.400E+00  03:47:33 1.518E-05          37  1.779E-01  4.820E-02
INSTANCE WITH CRITICAL ELEMENT: HALFBLOCK-1-LIN-1-2-LIN-6-1
Output Field Frame Number   9, of   20, at step time 5.400E+00

 STEP 1  ORIGIN 0.0000

              STEP     TOTAL      WALL      STABLE    CRITICAL    KINETIC      TOTAL
INCREMENT     TIME      TIME      TIME   INCREMENT     ELEMENT     ENERGY     ENERGY
   357829  5.448E+00 5.448E+00  03:49:33 1.518E-05          36  1.661E-01  4.472E-02
INSTANCE WITH CRITICAL ELEMENT: HALFBLOCK-1-LIN-1-2
   361007  5.497E+00 5.497E+00  03:51:33 1.518E-05          35  1.797E-01  4.901E-02
INSTANCE WITH CRITICAL ELEMENT: HALFBLOCK-1-LIN-1-2-LIN-9-1
   364200  5.545E+00 5.545E+00  03:53:33 1.518E-05          29  1.948E-01  5.082E-02
INSTANCE WITH CRITICAL ELEMENT: HALFBLOCK-1-LIN-1-2-LIN-11-1
   367385  5.594E+00 5.594E+00  03:55:33 1.518E-05          42  2.012E-01  5.379E-02
INSTANCE WITH CRITICAL ELEMENT: HALFBLOCK-1-LIN-1-2-LIN-11-1
   370590  5.643E+00 5.643E+00  03:57:33 1.518E-05          29  2.389E-01  5.717E-02
INSTANCE WITH CRITICAL ELEMENT: HALFBLOCK-1-LIN-1-2-LIN-11-1
   373810  5.692E+00 5.692E+00  03:59:33 1.518E-05          40  2.650E-01  6.131E-02
INSTANCE WITH CRITICAL ELEMENT: HALFBLOCK-1-LIN-1-2-LIN-9-1
   377022  5.741E+00 5.741E+00  04:01:33 1.518E-05          42  2.011E-01  5.145E-02
INSTANCE WITH CRITICAL ELEMENT: HALFBLOCK-1-LIN-1-2-LIN-11-1
   380219  5.790E+00 5.790E+00  04:03:33 1.518E-05          29  1.789E-01  4.963E-02
INSTANCE WITH CRITICAL ELEMENT: HALFBLOCK-1-LIN-1-2-LIN-11-1
   383449  5.839E+00 5.839E+00  04:05:34 1.518E-05          31  1.981E-01  5.339E-02
INSTANCE WITH CRITICAL ELEMENT: HALFBLOCK-1-LIN-1-2-LIN-9-1
   386650  5.888E+00 5.888E+00  04:07:34 1.518E-05          29  1.926E-01  5.149E-02
INSTANCE WITH CRITICAL ELEMENT: HALFBLOCK-1-LIN-1-2-LIN-11-1
   389867  5.937E+00 5.937E+00  04:09:34 1.518E-05          37  2.319E-01  5.274E-02
INSTANCE WITH CRITICAL ELEMENT: HALFBLOCK-1-LIN-1-2-LIN-6-1
   393072  5.986E+00 5.986E+00  04:11:34 1.518E-05          38  2.488E-01  5.714E-02
INSTANCE WITH CRITICAL ELEMENT: HALFBLOCK-1-LIN-1-2-LIN-11-1
   393996  6.000E+00 6.000E+00  04:12:08 1.518E-05          29  2.100E-01  5.408E-02
INSTANCE WITH CRITICAL ELEMENT: HALFBLOCK-1-LIN-1-2-LIN-11-1
Output Field Frame Number  10, of   20, at step time 6.000E+00
   396952  6.045E+00 6.045E+00  04:14:09 1.518E-05          29  2.019E-01  5.346E-02
INSTANCE WITH CRITICAL ELEMENT: HALFBLOCK-1-LIN-1-2-LIN-11-1
   399966  6.091E+00 6.091E+00  04:16:09 1.518E-05          29  1.955E-01  5.164E-02
INSTANCE WITH CRITICAL ELEMENT: HALFBLOCK-1-LIN-1-2-LIN-11-1
   402968  6.137E+00 6.137E+00  04:18:09 1.518E-05          41  1.726E-01  4.891E-02
INSTANCE WITH CRITICAL ELEMENT: HALFBLOCK-1-LIN-1-2-LIN-11-1
   405964  6.183E+00 6.183E+00  04:20:09 1.518E-05          38  2.598E-01  5.868E-02
INSTANCE WITH CRITICAL ELEMENT: HALFBLOCK-1-LIN-1-2
   408951  6.228E+00 6.228E+00  04:22:09 1.518E-05          42  2.657E-01  5.777E-02
INSTANCE WITH CRITICAL ELEMENT: HALFBLOCK-1-LIN-1-2-LIN-11-1
   411945  6.274E+00 6.274E+00  04:24:09 1.518E-05          29  2.579E-01  6.000E-02
INSTANCE WITH CRITICAL ELEMENT: HALFBLOCK-1-LIN-1-2-LIN-11-1
   414941  6.320E+00 6.320E+00  04:26:09 1.518E-05          34  2.505E-01  6.017E-02
INSTANCE WITH CRITICAL ELEMENT: HALFBLOCK-1-LIN-1-2-LIN-3-1
   417943  6.365E+00 6.365E+00  04:28:09 1.518E-05          42  2.476E-01  6.334E-02
INSTANCE WITH CRITICAL ELEMENT: HALFBLOCK-1-LIN-1-2-LIN-11-1
   420956  6.411E+00 6.411E+00  04:30:09 1.518E-05          38  2.464E-01  5.876E-02
INSTANCE WITH CRITICAL ELEMENT: HALFBLOCK-1-LIN-1-2-LIN-11-1
   423960  6.457E+00 6.457E+00  04:32:09 1.518E-05          29  2.548E-01  5.622E-02
INSTANCE WITH CRITICAL ELEMENT: HALFBLOCK-1-LIN-1-2-LIN-11-1
   426960  6.503E+00 6.503E+00  04:34:09 1.518E-05          29  2.269E-01  5.700E-02
INSTANCE WITH CRITICAL ELEMENT: HALFBLOCK-1-LIN-1-2-LIN-11-1
   429972  6.549E+00 6.549E+00  04:36:09 1.518E-05          29  2.790E-01  6.447E-02
INSTANCE WITH CRITICAL ELEMENT: HALFBLOCK-1-LIN-1-2-LIN-11-1
   432959  6.595E+00 6.595E+00  04:38:09 1.518E-05          29  2.316E-01  5.542E-02
INSTANCE WITH CRITICAL ELEMENT: HALFBLOCK-1-LIN-1-2-LIN-11-1
   433318  6.600E+00 6.600E+00  04:38:23 1.518E-05          36  2.541E-01  6.163E-02
INSTANCE WITH CRITICAL ELEMENT: HALFBLOCK-1-LIN-1-2-LIN-11-1
Output Field Frame Number  11, of   20, at step time 6.600E+00
   436457  6.648E+00 6.648E+00  04:40:24 1.518E-05          33  2.499E-01  5.771E-02
INSTANCE WITH CRITICAL ELEMENT: HALFBLOCK-1-LIN-1-2-LIN-11-1
   439598  6.696E+00 6.696E+00  04:42:24 1.518E-05          38  2.588E-01  5.836E-02
INSTANCE WITH CRITICAL ELEMENT: HALFBLOCK-1-LIN-1-2-LIN-11-1
   442753  6.744E+00 6.744E+00  04:44:24 1.518E-05          38  2.227E-01  5.779E-02
INSTANCE WITH CRITICAL ELEMENT: HALFBLOCK-1-LIN-1-2
   445903  6.792E+00 6.792E+00  04:46:24 1.518E-05          33  2.191E-01  5.675E-02
INSTANCE WITH CRITICAL ELEMENT: HALFBLOCK-1-LIN-1-2-LIN-11-1
   449036  6.840E+00 6.840E+00  04:48:24 1.518E-05          29  2.537E-01  6.144E-02
INSTANCE WITH CRITICAL ELEMENT: HALFBLOCK-1-LIN-1-2-LIN-11-1
   452193  6.888E+00 6.888E+00  04:50:24 1.518E-05          29  2.365E-01  6.051E-02
INSTANCE WITH CRITICAL ELEMENT: HALFBLOCK-1-LIN-1-2-LIN-9-1
   455339  6.936E+00 6.936E+00  04:52:24 1.518E-05          35  2.340E-01  5.614E-02
INSTANCE WITH CRITICAL ELEMENT: HALFBLOCK-1-LIN-1-2-LIN-4-1
   458488  6.984E+00 6.984E+00  04:54:24 1.518E-05          38  2.269E-01  5.581E-02
INSTANCE WITH CRITICAL ELEMENT: HALFBLOCK-1-LIN-1-2
   461632  7.032E+00 7.032E+00  04:56:24 1.518E-05          35  1.804E-01  5.060E-02
INSTANCE WITH CRITICAL ELEMENT: HALFBLOCK-1-LIN-1-2-LIN-11-1
   464781  7.080E+00 7.080E+00  04:58:24 1.518E-05          36  2.504E-01  5.750E-02
INSTANCE WITH CRITICAL ELEMENT: HALFBLOCK-1-LIN-1-2-LIN-11-1
   467852  7.127E+00 7.127E+00  05:00:24 1.518E-05          41  2.465E-01  5.814E-02
INSTANCE WITH CRITICAL ELEMENT: HALFBLOCK-1-LIN-1-2-LIN-2-1
   470976  7.175E+00 7.175E+00  05:02:24 1.518E-05          29  2.142E-01  5.601E-02
INSTANCE WITH CRITICAL ELEMENT: HALFBLOCK-1-LIN-1-2-LIN-11-1
   472640  7.200E+00 7.200E+00  05:03:28 1.518E-05          33  2.651E-01  6.083E-02
INSTANCE WITH CRITICAL ELEMENT: HALFBLOCK-1-LIN-1-2-LIN-11-1
Output Field Frame Number  12, of   20, at step time 7.200E+00

 STEP 1  ORIGIN 0.0000

              STEP     TOTAL      WALL      STABLE    CRITICAL    KINETIC      TOTAL
INCREMENT     TIME      TIME      TIME   INCREMENT     ELEMENT     ENERGY     ENERGY
   475780  7.248E+00 7.248E+00  05:05:28 1.518E-05          42  2.300E-01  5.886E-02
INSTANCE WITH CRITICAL ELEMENT: HALFBLOCK-1-LIN-1-2-LIN-11-1
   478927  7.296E+00 7.296E+00  05:07:28 1.518E-05          38  3.039E-01  6.539E-02
INSTANCE WITH CRITICAL ELEMENT: HALFBLOCK-1-LIN-11-1
   482079  7.344E+00 7.344E+00  05:09:28 1.518E-05          38  2.197E-01  5.691E-02
INSTANCE WITH CRITICAL ELEMENT: HALFBLOCK-1-LIN-1-2-LIN-11-1
   485218  7.392E+00 7.392E+00  05:11:28 1.518E-05          42  2.449E-01  5.990E-02
INSTANCE WITH CRITICAL ELEMENT: HALFBLOCK-1-LIN-1-2-LIN-11-1
   488359  7.440E+00 7.440E+00  05:13:28 1.518E-05          38  2.207E-01  5.824E-02
INSTANCE WITH CRITICAL ELEMENT: HALFBLOCK-1-LIN-1-2-LIN-11-1
   491513  7.488E+00 7.488E+00  05:15:28 1.518E-05          29  2.620E-01  6.116E-02
INSTANCE WITH CRITICAL ELEMENT: HALFBLOCK-1-LIN-1-2-LIN-11-1
   494662  7.536E+00 7.536E+00  05:17:28 1.518E-05          29  2.119E-01  5.675E-02
INSTANCE WITH CRITICAL ELEMENT: HALFBLOCK-1-LIN-1-2
   497787  7.584E+00 7.584E+00  05:19:28 1.518E-05          33  2.730E-01  6.245E-02
INSTANCE WITH CRITICAL ELEMENT: HALFBLOCK-1-LIN-1-2-LIN-11-1
   500885  7.631E+00 7.631E+00  05:21:28 1.518E-05          41  2.097E-01  5.398E-02
INSTANCE WITH CRITICAL ELEMENT: HALFBLOCK-1-LIN-1-2-LIN-2-1
   504019  7.679E+00 7.679E+00  05:23:28 1.518E-05          42  2.440E-01  5.904E-02
INSTANCE WITH CRITICAL ELEMENT: HALFBLOCK-1-LIN-1-2-LIN-11-1
   507079  7.726E+00 7.726E+00  05:25:28 1.518E-05          29  2.377E-01  5.840E-02
INSTANCE WITH CRITICAL ELEMENT: HALFBLOCK-1-LIN-1-2-LIN-11-1
   510221  7.773E+00 7.773E+00  05:27:29 1.518E-05          33  2.169E-01  5.851E-02
INSTANCE WITH CRITICAL ELEMENT: HALFBLOCK-1-LIN-1-2-LIN-11-1
   511961  7.800E+00 7.800E+00  05:28:35 1.518E-05          42  2.675E-01  6.189E-02
INSTANCE WITH CRITICAL ELEMENT: HALFBLOCK-1-LIN-1-2-LIN-11-1
Output Field Frame Number  13, of   20, at step time 7.800E+00
   515087  7.848E+00 7.848E+00  05:30:36 1.518E-05          29  2.158E-01  5.752E-02
INSTANCE WITH CRITICAL ELEMENT: HALFBLOCK-1-LIN-1-2-LIN-11-1
   518218  7.895E+00 7.895E+00  05:32:36 1.518E-05          29  2.323E-01  5.902E-02
INSTANCE WITH CRITICAL ELEMENT: HALFBLOCK-1-LIN-1-2-LIN-11-1
   521339  7.943E+00 7.943E+00  05:34:36 1.518E-05          42  2.119E-01  5.556E-02
INSTANCE WITH CRITICAL ELEMENT: HALFBLOCK-1-LIN-1-2-LIN-11-1
   524464  7.991E+00 7.991E+00  05:36:36 1.518E-05          41  2.716E-01  6.163E-02
INSTANCE WITH CRITICAL ELEMENT: HALFBLOCK-1-LIN-1-2-LIN-2-1
   527601  8.039E+00 8.039E+00  05:38:36 1.518E-05          42  2.149E-01  5.581E-02
INSTANCE WITH CRITICAL ELEMENT: HALFBLOCK-1-LIN-1-2-LIN-11-1
   530740  8.087E+00 8.087E+00  05:40:36 1.518E-05          36  2.592E-01  6.702E-02
INSTANCE WITH CRITICAL ELEMENT: HALFBLOCK-1-LIN-1-2-LIN-5-1
   533879  8.134E+00 8.134E+00  05:42:36 1.518E-05          38  2.498E-01  6.466E-02
INSTANCE WITH CRITICAL ELEMENT: HALFBLOCK-1-LIN-1-2-LIN-11-1
   537003  8.182E+00 8.182E+00  05:44:36 1.518E-05          29  2.774E-01  7.541E-02
INSTANCE WITH CRITICAL ELEMENT: HALFBLOCK-1-LIN-1-2-LIN-11-1
   540131  8.230E+00 8.230E+00  05:46:36 1.518E-05          41  2.229E-01  6.091E-02
INSTANCE WITH CRITICAL ELEMENT: HALFBLOCK-1-LIN-1-2-LIN-2-1
   543257  8.278E+00 8.278E+00  05:48:36 1.518E-05          29  2.445E-01  6.335E-02
INSTANCE WITH CRITICAL ELEMENT: HALFBLOCK-1-LIN-1-2-LIN-11-1
   546398  8.325E+00 8.325E+00  05:50:36 1.518E-05          29  2.373E-01  6.008E-02
INSTANCE WITH CRITICAL ELEMENT: HALFBLOCK-1-LIN-1-2-LIN-11-1
   549530  8.373E+00 8.373E+00  05:52:36 1.518E-05          29  2.551E-01  6.203E-02
INSTANCE WITH CRITICAL ELEMENT: HALFBLOCK-1-LIN-1-2-LIN-11-1
   551283  8.400E+00 8.400E+00  05:53:44 1.518E-05          41  2.302E-01  6.017E-02
INSTANCE WITH CRITICAL ELEMENT: HALFBLOCK-1-LIN-1-2-LIN-2-1
Output Field Frame Number  14, of   20, at step time 8.400E+00
   554303  8.446E+00 8.446E+00  05:55:44 1.518E-05          41  2.214E-01  5.654E-02
INSTANCE WITH CRITICAL ELEMENT: HALFBLOCK-1-LIN-1-2-LIN-2-1
   557325  8.492E+00 8.492E+00  05:57:44 1.518E-05          41  2.173E-01  5.644E-02
INSTANCE WITH CRITICAL ELEMENT: HALFBLOCK-1-LIN-1-2-LIN-2-1
   560359  8.538E+00 8.538E+00  05:59:44 1.518E-05          36  2.130E-01  5.925E-02
INSTANCE WITH CRITICAL ELEMENT: HALFBLOCK-1-LIN-1-2-LIN-11-1
   563376  8.585E+00 8.585E+00  06:01:44 1.518E-05          41  1.825E-01  5.142E-02
INSTANCE WITH CRITICAL ELEMENT: HALFBLOCK-1-LIN-1-2-LIN-2-1
   566399  8.631E+00 8.631E+00  06:03:44 1.518E-05          36  1.988E-01  5.431E-02
INSTANCE WITH CRITICAL ELEMENT: HALFBLOCK-1-LIN-1-2
   569437  8.677E+00 8.677E+00  06:05:44 1.518E-05          38  2.311E-01  5.863E-02
INSTANCE WITH CRITICAL ELEMENT: HALFBLOCK-1-LIN-1-2-LIN-11-1
   572454  8.723E+00 8.723E+00  06:07:44 1.518E-05          38  2.192E-01  5.919E-02
INSTANCE WITH CRITICAL ELEMENT: HALFBLOCK-1-LIN-1-2-LIN-11-1
   575489  8.769E+00 8.769E+00  06:09:44 1.518E-05          29  2.197E-01  5.651E-02
INSTANCE WITH CRITICAL ELEMENT: HALFBLOCK-1-LIN-1-2-LIN-11-1
   578522  8.816E+00 8.816E+00  06:11:44 1.518E-05          42  2.287E-01  6.056E-02
INSTANCE WITH CRITICAL ELEMENT: HALFBLOCK-1-LIN-1-2-LIN-11-1
   581547  8.862E+00 8.862E+00  06:13:44 1.518E-05          41  2.460E-01  6.300E-02
INSTANCE WITH CRITICAL ELEMENT: HALFBLOCK-1-LIN-1-2-LIN-2-1
   584583  8.908E+00 8.908E+00  06:15:44 1.518E-05          42  2.297E-01  6.058E-02
INSTANCE WITH CRITICAL ELEMENT: HALFBLOCK-1-LIN-1-2-LIN-11-1
   587611  8.954E+00 8.954E+00  06:17:44 1.518E-05          29  2.414E-01  6.097E-02
INSTANCE WITH CRITICAL ELEMENT: HALFBLOCK-1-LIN-1-2-LIN-11-1
   590604  9.000E+00 9.000E+00  06:19:43 1.518E-05          33  2.197E-01  5.802E-02
INSTANCE WITH CRITICAL ELEMENT: HALFBLOCK-1-LIN-1-2-LIN-11-1
Output Field Frame Number  15, of   20, at step time 9.000E+00
   593732  9.048E+00 9.048E+00  06:21:43 1.518E-05          38  2.254E-01  5.684E-02
INSTANCE WITH CRITICAL ELEMENT: HALFBLOCK-1-LIN-1-2-LIN-11-1

 STEP 1  ORIGIN 0.0000

              STEP     TOTAL      WALL      STABLE    CRITICAL    KINETIC      TOTAL
INCREMENT     TIME      TIME      TIME   INCREMENT     ELEMENT     ENERGY     ENERGY
   596857  9.095E+00 9.095E+00  06:23:43 1.518E-05          29  2.265E-01  5.671E-02
INSTANCE WITH CRITICAL ELEMENT: HALFBLOCK-1-LIN-1-2-LIN-11-1
   599975  9.143E+00 9.143E+00  06:25:44 1.518E-05          29  2.053E-01  5.675E-02
INSTANCE WITH CRITICAL ELEMENT: HALFBLOCK-1-LIN-1-2-LIN-11-1
   603099  9.191E+00 9.191E+00  06:27:44 1.518E-05          42  2.451E-01  6.029E-02
INSTANCE WITH CRITICAL ELEMENT: HALFBLOCK-1-LIN-1-2-LIN-11-1
   606222  9.238E+00 9.238E+00  06:29:44 1.518E-05          41  2.177E-01  5.731E-02
INSTANCE WITH CRITICAL ELEMENT: HALFBLOCK-1-LIN-1-2-LIN-2-1
   609328  9.286E+00 9.286E+00  06:31:44 1.518E-05          35  2.521E-01  6.119E-02
INSTANCE WITH CRITICAL ELEMENT: HALFBLOCK-1-LIN-1-2-LIN-2-1
   612448  9.333E+00 9.333E+00  06:33:44 1.518E-05          35  2.351E-01  6.149E-02
INSTANCE WITH CRITICAL ELEMENT: HALFBLOCK-1-LIN-1-2-LIN-9-1
   615573  9.381E+00 9.381E+00  06:35:44 1.518E-05          41  1.831E-01  5.180E-02
INSTANCE WITH CRITICAL ELEMENT: HALFBLOCK-1-LIN-1-2-LIN-2-1
   618711  9.429E+00 9.429E+00  06:37:44 1.518E-05          29  2.041E-01  5.395E-02
INSTANCE WITH CRITICAL ELEMENT: HALFBLOCK-1-LIN-1-2-LIN-11-1
   621829  9.476E+00 9.476E+00  06:39:44 1.518E-05          29  1.654E-01  5.048E-02
INSTANCE WITH CRITICAL ELEMENT: HALFBLOCK-1-LIN-1-2-LIN-11-1
   624967  9.524E+00 9.524E+00  06:41:44 1.518E-05          42  2.383E-01  5.979E-02
INSTANCE WITH CRITICAL ELEMENT: HALFBLOCK-1-LIN-1-2-LIN-11-1
   628071  9.572E+00 9.572E+00  06:43:44 1.518E-05          35  2.017E-01  5.691E-02
INSTANCE WITH CRITICAL ELEMENT: HALFBLOCK-1-LIN-1-2-LIN-4-1
   629926  9.600E+00 9.600E+00  06:44:54 1.518E-05          33  2.044E-01  5.566E-02
INSTANCE WITH CRITICAL ELEMENT: HALFBLOCK-1-LIN-1-2-LIN-11-1
Output Field Frame Number  16, of   20, at step time 9.600E+00
   633069  9.648E+00 9.648E+00  06:46:55 1.518E-05          33  1.962E-01  5.409E-02
INSTANCE WITH CRITICAL ELEMENT: HALFBLOCK-1-LIN-1-2-LIN-11-1
   636230  9.696E+00 9.696E+00  06:48:55 1.518E-05          29  1.910E-01  5.341E-02
INSTANCE WITH CRITICAL ELEMENT: HALFBLOCK-1-LIN-11-1
   639396  9.745E+00 9.745E+00  06:50:55 1.518E-05          29  2.157E-01  5.723E-02
INSTANCE WITH CRITICAL ELEMENT: HALFBLOCK-1-LIN-1-2-LIN-11-1
   642539  9.792E+00 9.792E+00  06:52:55 1.518E-05          35  2.095E-01  5.862E-02
INSTANCE WITH CRITICAL ELEMENT: HALFBLOCK-1-LIN-1-2-LIN-9-1
   645703  9.841E+00 9.841E+00  06:54:55 1.518E-05          38  2.161E-01  5.627E-02
INSTANCE WITH CRITICAL ELEMENT: HALFBLOCK-1-LIN-1-2-LIN-11-1
   648859  9.889E+00 9.889E+00  06:56:55 1.518E-05          41  1.967E-01  5.585E-02
INSTANCE WITH CRITICAL ELEMENT: HALFBLOCK-1-LIN-1-2-LIN-2-1
   651992  9.937E+00 9.937E+00  06:58:55 1.518E-05          29  2.345E-01  6.223E-02
INSTANCE WITH CRITICAL ELEMENT: HALFBLOCK-1-LIN-11-1
   655156  9.985E+00 9.985E+00  07:00:55 1.518E-05          29  1.900E-01  5.448E-02
INSTANCE WITH CRITICAL ELEMENT: HALFBLOCK-1-LIN-1-2-LIN-11-1
   658290  1.003E+01 1.003E+01  07:02:55 1.518E-05          29  1.767E-01  5.221E-02
INSTANCE WITH CRITICAL ELEMENT: HALFBLOCK-1-LIN-1-2-LIN-11-1
   661464  1.008E+01 1.008E+01  07:04:55 1.518E-05          41  1.990E-01  5.540E-02
INSTANCE WITH CRITICAL ELEMENT: HALFBLOCK-1-LIN-1-2-LIN-2-1
   664618  1.013E+01 1.013E+01  07:06:55 1.518E-05          29  2.280E-01  5.757E-02
INSTANCE WITH CRITICAL ELEMENT: HALFBLOCK-1-LIN-1-2-LIN-11-1
   667600  1.017E+01 1.017E+01  07:08:55 1.518E-05          41  2.132E-01  6.015E-02
INSTANCE WITH CRITICAL ELEMENT: HALFBLOCK-1-LIN-1-2-LIN-2-1
   669248  1.020E+01 1.020E+01  07:09:58 1.518E-05          35  2.046E-01  5.678E-02
INSTANCE WITH CRITICAL ELEMENT: HALFBLOCK-1-LIN-1-2-LIN-4-1
Output Field Frame Number  17, of   20, at step time 1.020E+01
   672473  1.025E+01 1.025E+01  07:11:59 1.518E-05          42  2.493E-01  6.449E-02
INSTANCE WITH CRITICAL ELEMENT: HALFBLOCK-1-LIN-1-2-LIN-11-1
   675677  1.030E+01 1.030E+01  07:13:59 1.518E-05          35  2.279E-01  6.198E-02
INSTANCE WITH CRITICAL ELEMENT: HALFBLOCK-1-LIN-11-1
   678909  1.035E+01 1.035E+01  07:15:59 1.518E-05          29  2.184E-01  5.956E-02
INSTANCE WITH CRITICAL ELEMENT: HALFBLOCK-1-LIN-1-2-LIN-11-1
   682151  1.040E+01 1.040E+01  07:17:59 1.518E-05          38  2.154E-01  5.807E-02
INSTANCE WITH CRITICAL ELEMENT: HALFBLOCK-1-LIN-1-2-LIN-11-1
   685368  1.045E+01 1.045E+01  07:19:59 1.518E-05          41  2.172E-01  5.993E-02
INSTANCE WITH CRITICAL ELEMENT: HALFBLOCK-1-LIN-1-2-LIN-2-1
   688599  1.050E+01 1.050E+01  07:21:59 1.518E-05          38  2.242E-01  6.112E-02
INSTANCE WITH CRITICAL ELEMENT: HALFBLOCK-1-LIN-1-2-LIN-11-1
   691814  1.054E+01 1.054E+01  07:23:59 1.518E-05          29  2.833E-01  6.827E-02
INSTANCE WITH CRITICAL ELEMENT: HALFBLOCK-1-LIN-1-2-LIN-11-1
   695056  1.059E+01 1.059E+01  07:25:59 1.518E-05          36  1.983E-01  5.517E-02
INSTANCE WITH CRITICAL ELEMENT: HALFBLOCK-1-LIN-1-2-LIN-11-1
   698299  1.064E+01 1.064E+01  07:27:59 1.518E-05          29  2.395E-01  6.467E-02
INSTANCE WITH CRITICAL ELEMENT: HALFBLOCK-1-LIN-1-2-LIN-11-1
   701524  1.069E+01 1.069E+01  07:29:59 1.518E-05          38  2.138E-01  5.815E-02
INSTANCE WITH CRITICAL ELEMENT: HALFBLOCK-1-LIN-1-2-LIN-11-1
   704692  1.074E+01 1.074E+01  07:31:59 1.518E-05          42  2.267E-01  5.948E-02
INSTANCE WITH CRITICAL ELEMENT: HALFBLOCK-1-LIN-11-1
   707894  1.079E+01 1.079E+01  07:33:59 1.518E-05          41  2.241E-01  6.237E-02
INSTANCE WITH CRITICAL ELEMENT: HALFBLOCK-1-LIN-1-2-LIN-2-1
   708569  1.080E+01 1.080E+01  07:34:24 1.518E-05          36  2.253E-01  6.221E-02
INSTANCE WITH CRITICAL ELEMENT: HALFBLOCK-1-LIN-1-2-LIN-11-1
Output Field Frame Number  18, of   20, at step time 1.080E+01
   711785  1.085E+01 1.085E+01  07:36:24 1.518E-05          41  1.992E-01  5.796E-02
INSTANCE WITH CRITICAL ELEMENT: HALFBLOCK-1-LIN-1-2-LIN-2-1
   714948  1.090E+01 1.090E+01  07:38:25 1.518E-05          35  2.286E-01  6.017E-02
INSTANCE WITH CRITICAL ELEMENT: HALFBLOCK-1-LIN-1-2-LIN-4-1

 STEP 1  ORIGIN 0.0000

              STEP     TOTAL      WALL      STABLE    CRITICAL    KINETIC      TOTAL
INCREMENT     TIME      TIME      TIME   INCREMENT     ELEMENT     ENERGY     ENERGY
   718184  1.095E+01 1.095E+01  07:40:25 1.518E-05          41  2.486E-01  6.371E-02
INSTANCE WITH CRITICAL ELEMENT: HALFBLOCK-1-LIN-1-2-LIN-2-1
   721397  1.100E+01 1.100E+01  07:42:25 1.518E-05          38  1.993E-01  5.875E-02
INSTANCE WITH CRITICAL ELEMENT: HALFBLOCK-1-LIN-1-2-LIN-11-1
   724629  1.105E+01 1.105E+01  07:44:25 1.518E-05          36  1.957E-01  5.652E-02
INSTANCE WITH CRITICAL ELEMENT: HALFBLOCK-1-LIN-1-2-LIN-11-1
   727865  1.109E+01 1.109E+01  07:46:25 1.518E-05          33  2.312E-01  6.322E-02
INSTANCE WITH CRITICAL ELEMENT: HALFBLOCK-1-LIN-1-2-LIN-11-1
   731094  1.114E+01 1.114E+01  07:48:25 1.518E-05          36  2.300E-01  6.409E-02
INSTANCE WITH CRITICAL ELEMENT: HALFBLOCK-1-LIN-1-2-LIN-11-1
   734329  1.119E+01 1.119E+01  07:50:25 1.518E-05          38  2.065E-01  5.879E-02
INSTANCE WITH CRITICAL ELEMENT: HALFBLOCK-1-LIN-1-2-LIN-11-1
   737566  1.124E+01 1.124E+01  07:52:25 1.518E-05          33  1.953E-01  5.650E-02
INSTANCE WITH CRITICAL ELEMENT: HALFBLOCK-1-LIN-1-2-LIN-11-1
   740789  1.129E+01 1.129E+01  07:54:25 1.518E-05          29  2.058E-01  5.680E-02
INSTANCE WITH CRITICAL ELEMENT: HALFBLOCK-1-LIN-1-2-LIN-11-1
   744008  1.134E+01 1.134E+01  07:56:25 1.518E-05          42  2.195E-01  6.152E-02
INSTANCE WITH CRITICAL ELEMENT: HALFBLOCK-1-LIN-1-2-LIN-11-1
   747244  1.139E+01 1.139E+01  07:58:25 1.518E-05          38  1.999E-01  5.942E-02
INSTANCE WITH CRITICAL ELEMENT: HALFBLOCK-1-LIN-1-2-LIN-11-1
   747891  1.140E+01 1.140E+01  07:58:49 1.518E-05          41  2.104E-01  5.881E-02
INSTANCE WITH CRITICAL ELEMENT: HALFBLOCK-1-LIN-1-2-LIN-2-1
Output Field Frame Number  19, of   20, at step time 1.140E+01
   751121  1.145E+01 1.145E+01  08:00:49 1.518E-05          29  2.277E-01  6.126E-02
INSTANCE WITH CRITICAL ELEMENT: HALFBLOCK-1-LIN-1-2-LIN-11-1
   754336  1.150E+01 1.150E+01  08:02:49 1.518E-05          36  2.220E-01  6.176E-02
INSTANCE WITH CRITICAL ELEMENT: HALFBLOCK-1-LIN-1-2-LIN-11-1
   757580  1.155E+01 1.155E+01  08:04:49 1.518E-05          29  2.059E-01  5.964E-02
INSTANCE WITH CRITICAL ELEMENT: HALFBLOCK-1-LIN-1-2-LIN-11-1
   760819  1.160E+01 1.160E+01  08:06:49 1.518E-05          29  2.728E-01  6.771E-02
INSTANCE WITH CRITICAL ELEMENT: HALFBLOCK-1-LIN-1-2-LIN-11-1
   764048  1.165E+01 1.165E+01  08:08:49 1.518E-05          33  2.189E-01  6.014E-02
INSTANCE WITH CRITICAL ELEMENT: HALFBLOCK-1-LIN-1-2-LIN-11-1
   767295  1.170E+01 1.170E+01  08:10:49 1.518E-05          29  2.402E-01  6.420E-02
INSTANCE WITH CRITICAL ELEMENT: HALFBLOCK-1-LIN-11-1
   770527  1.175E+01 1.175E+01  08:12:49 1.518E-05          29  2.228E-01  6.139E-02
INSTANCE WITH CRITICAL ELEMENT: HALFBLOCK-1-LIN-1-2-LIN-11-1
   773710  1.179E+01 1.179E+01  08:14:49 1.518E-05          29  2.370E-01  6.542E-02
INSTANCE WITH CRITICAL ELEMENT: HALFBLOCK-1-LIN-1-2-LIN-11-1
   776945  1.184E+01 1.184E+01  08:16:49 1.518E-05          35  1.920E-01  5.831E-02
INSTANCE WITH CRITICAL ELEMENT: HALFBLOCK-1-LIN-1-2-LIN-4-1
   780175  1.189E+01 1.189E+01  08:18:49 1.518E-05          33  1.951E-01  5.830E-02
INSTANCE WITH CRITICAL ELEMENT: HALFBLOCK-1-LIN-1-2-LIN-11-1
   783407  1.194E+01 1.194E+01  08:20:49 1.518E-05          29  1.998E-01  5.783E-02
INSTANCE WITH CRITICAL ELEMENT: HALFBLOCK-1-LIN-1-2-LIN-11-1
   786641  1.199E+01 1.199E+01  08:22:49 1.518E-05          41  1.974E-01  5.823E-02
INSTANCE WITH CRITICAL ELEMENT: HALFBLOCK-1-LIN-1-2-LIN-2-1
   787213  1.200E+01 1.200E+01  08:23:11 1.518E-05          42  2.458E-01  5.741E-02
INSTANCE WITH CRITICAL ELEMENT: HALFBLOCK-1-LIN-1-2-LIN-11-1
Restart Number  1 at 12.000
Output Field Frame Number  20, of   20, at step time 1.200E+01
  EXPLICIT EXECUTABLE TIME SUMMARY
       USER TIME (SEC)      =   30172.
       SYSTEM TIME (SEC)    =   3.8000
       WALLCLOCK TIME (SEC) =        30191
              INIT (SEC) =          2
              MAIN (SEC) =      30189

  THE ANALYSIS HAS COMPLETED SUCCESSFULLY

