Abaqus/Explicit 2023                             DATE 26-mei-2025  TIME 15:52:34
-------------------------------------------------------------------------------
 PREPROCESSOR WARNING MESSAGES
-------------------------------------------------------------------------------


***WARNING: There are 2 warning messages in the data (.dat) file.  Please
            check the data file for possible errors in the input file.


-------------------------------------------------------------------------------
 MODEL INFORMATION (IN GLOBAL X-Y COORDINATES)
-------------------------------------------------------------------------------

   Total mass in model = 17172.
   Center of mass of model = ( 1.565721E+01, 3.668538E+00,-2.500000E+00)

    Moments of Inertia :
                 About Center of Mass              About Origin
      I(XX)          5.281609E+04                  3.912521E+05
      I(YY)          1.913129E+05                  4.508420E+06
      I(ZZ)          1.732175E+05                  4.614106E+06
      I(XY)          5.193633E+04                 -9.344291E+05
      I(YZ)         -3.200802E-03                  1.574938E+05
      I(ZX)         -2.462623E-02                  6.721789E+05

-------------------------------------------------------------------------------
 STABLE TIME INCREMENT INFORMATION
-------------------------------------------------------------------------------


  The stable time increment estimate for each element is based on
  linearization about the initial state.


   Initial time increment = 1.25107E-05

   Statistics for all elements:
      Mean = 1.27962E-05
      Standard deviation = 0.0000

   Most critical elements:
    Element number   Rank    Time increment   Increment ratio
    (Instance name)
   ----------------------------------------------------------
          31          1       1.251065E-05      1.000000E+00
    HALFBLOCK-1-LIN-1-2-LIN-9-1
          33          2       1.251066E-05      9.999999E-01
    HALFBLOCK-1-LIN-1-2-LIN-7-1
          37          3       1.251066E-05      9.999999E-01
    HALFBLOCK-1-LIN-1-2-LIN-7-1
          42          4       1.251066E-05      9.999999E-01
    HALFBLOCK-1-LIN-1-2-LIN-7-1
          34          5       1.251066E-05      9.999999E-01
    HALFBLOCK-1-LIN-1-2-LIN-8-1
          35          6       1.251066E-05      9.999999E-01
    HALFBLOCK-1-LIN-1-2-LIN-9-1
          29          7       1.251066E-05      9.999999E-01
    HALFBLOCK-1-LIN-1-2-LIN-11-1
          33          8       1.251066E-05      9.999999E-01
    HALFBLOCK-1-LIN-1-2-LIN-11-1
          30          9       1.251066E-05      9.999998E-01
    HALFBLOCK-1-LIN-1-2-LIN-8-1
          40         10       1.251066E-05      9.999998E-01
    HALFBLOCK-1-LIN-1-2-LIN-9-1


  Instance name for the most critical element will be printed if the critical
  element changes or at the beginning of a new page.


-------------------------------------------------------------------------------

  INFORMATION REGARDING INITIAL CONTACT OVERCLOSURES FOR NEWLY DEFINED GENERAL
  CONTACT INTERACTIONS IN STEP 1

-------------------------------------------------------------------------------

  No initial node-face overclosures found.


  Abaqus/Explicit will attempt to resolve 1344 initial edge-edge
  overclosure(s).


  Maximum initial overclosure for edge-edge contact is 1.28616E-06 between the
  edge defined by nodes 137 and 161 of instance
  BLOCK-2-LIN-1-8-LIN-2-1-LIN--LIN-9-1 and the edge defined by nodes 72 and 96
  of instance HALFBLOCK-1-LIN-10-1


  Abaqus/Explicit will attempt to resolve 119 initial node-analytical rigid
  surface overclosure(s).


  Maximum initial overclosure for node-analytical rigid surface contact is
  5.60776E-06 between secondary node 25 of instance
  BLOCK-2-LIN-1-8-LIN-2-1-LIN-LIN-11-1 and the analytical rigid surface with
  reference node 1 of instance         .


  Maximum initial contact adjustment is: 1.02104E-07 at node 65 of instance
  HALFBLOCK-1-LIN-1-2-LIN-6-1.


  No node-face overclosures left unresolved.


  1339 edge-edge overclosure(s) left unresolved and will be stored as offsets.
  To help identify the nodes involved in the overclosures a node set
  InfoNodeUnresolvInitOver has been created.


  Maximum unresolved overclosure is 1.28616E-06 between the edge defined by
  nodes 41 and 65 of instance BLOCK-2-LIN-1-8-LIN-2-1-LIN-9-1 and the edge
  defined by nodes 72 and 96 of instance HALFBLOCK-1-LIN-1-2-LIN-10-1


  119 node-analytical rigid surface overclosure(s) left unresolved and will be
  stored as offsets. To help identify the nodes involved in the overclosures a
  node set InfoNodeUnresolvInitOver has been created.


  Maximum unresolved overclosure is 5.60776E-06 between node 25 of instance
  BLOCK-2-LIN-1-8-LIN-2-1-LIN-LIN-11-1 and the analytical rigid surface with
  reference node 1 of instance


***NOTE: You can view the deformed configuration due to the resolution of
         initial overclosures.  In increment 0, draw the deformed shape or
         draw a symbol plot of vector displacements.

------------------------------------------------------------------------------

Abaqus/Explicit 2023                             DATE 26-mei-2025  TIME 15:52:55

The single precision Abaqus/Explicit executable will be used in this analysis.


-------------------------------------------------------------------------------
 SOLUTION PROGRESS
-------------------------------------------------------------------------------

 STEP 1  ORIGIN 0.0000

  Total memory used for step 1 is approximately 159.3 megabytes.
  Global time estimation algorithm will be used.
  Scaling factor:  1.0000
              STEP     TOTAL      WALL      STABLE    CRITICAL    KINETIC      TOTAL
INCREMENT     TIME      TIME      TIME   INCREMENT     ELEMENT     ENERGY     ENERGY
        0  0.000E+00 0.000E+00  00:00:00 1.193E-05          31  0.000E+00  0.000E+00
INSTANCE WITH CRITICAL ELEMENT: HALFBLOCK-1-LIN-1-2-LIN-9-1
Output Field Frame Number   0, of   20, at step time 0.000E+00

***WARNING: THE ANALYSIS MAY NEED A LARGE NUMBER OF INCREMENTS (MORE THAN
            300000), AND IT MAY BE AFFECTED BY ROUND-OFF ERRORS. RUNNING THE
            DOUBLE PRECISION EXECUTABLE IS RECOMMENDED.

     4667  6.964E-02 6.964E-02  00:02:01 1.481E-05          42  2.196E-01  3.800E-04
INSTANCE WITH CRITICAL ELEMENT: HALFBLOCK-1-LIN-1-2
     9694  1.437E-01 1.437E-01  00:04:01 1.446E-05          29  1.250E-01  3.867E-04
INSTANCE WITH CRITICAL ELEMENT: HALFBLOCK-1-LIN-1-2-LIN-11-1
    14370  2.114E-01 2.114E-01  00:06:01 1.446E-05          29  9.261E-01  7.313E-03
INSTANCE WITH CRITICAL ELEMENT: HALFBLOCK-1-LIN-1-2-LIN-11-1
    18473  2.708E-01 2.708E-01  00:08:01 1.446E-05          41  2.813E-01  8.440E-03
INSTANCE WITH CRITICAL ELEMENT: HALFBLOCK-1-LIN-1-2-LIN-10-1
    22159  3.240E-01 3.240E-01  00:10:01 1.446E-05          33  8.152E-02  1.287E-02
INSTANCE WITH CRITICAL ELEMENT: HALFBLOCK-1-LIN-1-2-LIN-11-1
    25615  3.740E-01 3.740E-01  00:12:01 1.446E-05          35  5.911E-02  1.244E-02
INSTANCE WITH CRITICAL ELEMENT: HALFBLOCK-1-LIN-1-2-LIN-9-1
    28840  4.206E-01 4.206E-01  00:14:01 1.446E-05          29  7.785E-02  1.630E-02
INSTANCE WITH CRITICAL ELEMENT: HALFBLOCK-1-LIN-1-2-LIN-11-1
    32025  4.667E-01 4.667E-01  00:16:01 1.446E-05          42  9.219E-02  1.987E-02
INSTANCE WITH CRITICAL ELEMENT: HALFBLOCK-1-LIN-1-2-LIN-11-1
    35302  5.140E-01 5.140E-01  00:18:01 1.446E-05          31  9.678E-02  2.225E-02
INSTANCE WITH CRITICAL ELEMENT: HALFBLOCK-1-LIN-1-2-LIN-11-1
    38316  5.577E-01 5.577E-01  00:20:01 1.446E-05          42  1.038E-01  2.310E-02
INSTANCE WITH CRITICAL ELEMENT: HALFBLOCK-1-LIN-1-2-LIN-11-1
    41237  6.000E-01 6.000E-01  00:21:52 1.446E-05          40  9.385E-02  2.461E-02
INSTANCE WITH CRITICAL ELEMENT: HALFBLOCK-1-LIN-1-2-LIN-9-1
Output Field Frame Number   1, of   20, at step time 6.000E-01
    44315  6.446E-01 6.446E-01  00:23:53 1.446E-05          38  1.627E-01  3.496E-02
INSTANCE WITH CRITICAL ELEMENT: HALFBLOCK-1-LIN-1-2
    47155  6.857E-01 6.857E-01  00:25:53 1.446E-05          31  1.866E-01  3.536E-02
INSTANCE WITH CRITICAL ELEMENT: HALFBLOCK-1-LIN-1-2
    50022  7.273E-01 7.273E-01  00:27:53 1.446E-05          37  1.447E-01  3.373E-02
INSTANCE WITH CRITICAL ELEMENT: HALFBLOCK-1-LIN-1-2-LIN-7-1
    52897  7.689E-01 7.689E-01  00:29:53 1.446E-05          42  1.709E-01  3.725E-02
INSTANCE WITH CRITICAL ELEMENT: HALFBLOCK-1-LIN-1-2-LIN-11-1
    55777  8.106E-01 8.106E-01  00:31:53 1.446E-05          33  1.582E-01  3.593E-02
INSTANCE WITH CRITICAL ELEMENT: HALFBLOCK-1-LIN-1-2-LIN-11-1
    58478  8.497E-01 8.497E-01  00:33:53 1.446E-05          40  2.026E-01  4.187E-02
INSTANCE WITH CRITICAL ELEMENT: HALFBLOCK-1-LIN-1-2-LIN-9-1
    61301  8.906E-01 8.906E-01  00:35:53 1.446E-05          29  1.974E-01  4.182E-02
INSTANCE WITH CRITICAL ELEMENT: HALFBLOCK-1-LIN-1-2-LIN-11-1
    64090  9.310E-01 9.310E-01  00:37:53 1.446E-05          38  1.647E-01  3.883E-02
INSTANCE WITH CRITICAL ELEMENT: HALFBLOCK-1-LIN-1-2
    66915  9.719E-01 9.719E-01  00:39:53 1.446E-05          35  1.812E-01  3.989E-02
INSTANCE WITH CRITICAL ELEMENT: HALFBLOCK-1-LIN-1-2-LIN-4-1
    69719  1.012E+00 1.012E+00  00:41:53 1.446E-05          33  1.838E-01  4.158E-02
INSTANCE WITH CRITICAL ELEMENT: HALFBLOCK-1-LIN-1-2-LIN-11-1
    72502  1.053E+00 1.053E+00  00:43:53 1.446E-05          29  1.640E-01  3.757E-02
INSTANCE WITH CRITICAL ELEMENT: HALFBLOCK-1-LIN-1-2-LIN-11-1
    75295  1.093E+00 1.093E+00  00:45:53 1.446E-05          42  1.625E-01  3.760E-02
INSTANCE WITH CRITICAL ELEMENT: HALFBLOCK-1-LIN-1-2-LIN-11-1
    78191  1.135E+00 1.135E+00  00:47:53 1.446E-05          31  1.844E-01  4.037E-02
INSTANCE WITH CRITICAL ELEMENT: HALFBLOCK-1-LIN-1-2
    81086  1.176E+00 1.176E+00  00:49:53 1.446E-05          38  1.648E-01  3.810E-02
INSTANCE WITH CRITICAL ELEMENT: HALFBLOCK-1-LIN-1-2-LIN-11-1
    82719  1.200E+00 1.200E+00  00:51:00 1.446E-05          42  1.865E-01  4.147E-02
INSTANCE WITH CRITICAL ELEMENT: HALFBLOCK-1-LIN-1-2-LIN-4-1
Output Field Frame Number   2, of   20, at step time 1.200E+00
    85774  1.244E+00 1.244E+00  00:53:00 1.446E-05          33  1.629E-01  3.855E-02
INSTANCE WITH CRITICAL ELEMENT: HALFBLOCK-1-LIN-1-2-LIN-11-1
    88863  1.289E+00 1.289E+00  00:55:00 1.446E-05          29  1.999E-01  4.239E-02
INSTANCE WITH CRITICAL ELEMENT: HALFBLOCK-1-LIN-1-2-LIN-11-1
    91944  1.333E+00 1.333E+00  00:57:00 1.446E-05          29  1.873E-01  4.167E-02
INSTANCE WITH CRITICAL ELEMENT: HALFBLOCK-1-LIN-1-2-LIN-11-1
    95049  1.378E+00 1.378E+00  00:59:00 1.446E-05          29  1.851E-01  4.351E-02
INSTANCE WITH CRITICAL ELEMENT: HALFBLOCK-1-LIN-1-2-LIN-11-1
    98154  1.423E+00 1.423E+00  01:01:00 1.446E-05          38  2.000E-01  4.219E-02
INSTANCE WITH CRITICAL ELEMENT: HALFBLOCK-1-LIN-1-2-LIN-11-1
   101257  1.467E+00 1.467E+00  01:03:00 1.446E-05          33  1.999E-01  4.400E-02
INSTANCE WITH CRITICAL ELEMENT: HALFBLOCK-1-LIN-11-1
   104354  1.512E+00 1.512E+00  01:05:00 1.446E-05          31  1.736E-01  3.953E-02
INSTANCE WITH CRITICAL ELEMENT: HALFBLOCK-1-LIN-1-2-LIN-9-1
   107455  1.557E+00 1.557E+00  01:07:00 1.446E-05          41  1.711E-01  3.955E-02
INSTANCE WITH CRITICAL ELEMENT: HALFBLOCK-1-LIN-1-2-LIN-2-1
   110551  1.601E+00 1.601E+00  01:09:00 1.446E-05          38  1.955E-01  4.188E-02
INSTANCE WITH CRITICAL ELEMENT: HALFBLOCK-1-LIN-11-1
   113644  1.646E+00 1.646E+00  01:11:01 1.446E-05          41  1.904E-01  4.237E-02
INSTANCE WITH CRITICAL ELEMENT: HALFBLOCK-1-LIN-1-2-LIN-2-1
   116756  1.691E+00 1.691E+00  01:13:01 1.446E-05          35  2.074E-01  4.384E-02
INSTANCE WITH CRITICAL ELEMENT: HALFBLOCK-1-LIN-1-2-LIN-4-1
   119860  1.736E+00 1.736E+00  01:15:01 1.446E-05          41  1.710E-01  4.134E-02
INSTANCE WITH CRITICAL ELEMENT: HALFBLOCK-1-LIN-1-2-LIN-2-1
   122966  1.781E+00 1.781E+00  01:17:01 1.446E-05          41  1.623E-01  3.801E-02
INSTANCE WITH CRITICAL ELEMENT: HALFBLOCK-1-LIN-1-2-LIN-2-1

 STEP 1  ORIGIN 0.0000

              STEP     TOTAL      WALL      STABLE    CRITICAL    KINETIC      TOTAL
INCREMENT     TIME      TIME      TIME   INCREMENT     ELEMENT     ENERGY     ENERGY
   124315  1.800E+00 1.800E+00  01:17:53 1.446E-05          31  1.871E-01  4.145E-02
INSTANCE WITH CRITICAL ELEMENT: HALFBLOCK-1-LIN-1-2
Output Field Frame Number   3, of   20, at step time 1.800E+00
   127463  1.845E+00 1.845E+00  01:19:54 1.446E-05          41  1.871E-01  4.425E-02
INSTANCE WITH CRITICAL ELEMENT: HALFBLOCK-1-LIN-1-2-LIN-2-1
   130621  1.891E+00 1.891E+00  01:21:54 1.446E-05          29  1.890E-01  4.366E-02
INSTANCE WITH CRITICAL ELEMENT: HALFBLOCK-1-LIN-1-2-LIN-11-1
   133757  1.936E+00 1.936E+00  01:23:54 1.446E-05          42  1.802E-01  4.100E-02
INSTANCE WITH CRITICAL ELEMENT: HALFBLOCK-1-LIN-1-2
   136922  1.982E+00 1.982E+00  01:25:54 1.446E-05          42  1.981E-01  4.405E-02
INSTANCE WITH CRITICAL ELEMENT: HALFBLOCK-1-LIN-1-2-LIN-11-1
   140090  2.028E+00 2.028E+00  01:27:54 1.446E-05          29  1.596E-01  3.822E-02
INSTANCE WITH CRITICAL ELEMENT: HALFBLOCK-1-LIN-1-2-LIN-11-1
   143251  2.074E+00 2.074E+00  01:29:54 1.446E-05          29  1.859E-01  4.201E-02
INSTANCE WITH CRITICAL ELEMENT: HALFBLOCK-1-LIN-1-2-LIN-11-1
   146367  2.119E+00 2.119E+00  01:31:54 1.446E-05          42  1.676E-01  4.074E-02
INSTANCE WITH CRITICAL ELEMENT: HALFBLOCK-1-LIN-1-2-LIN-11-1
   149502  2.165E+00 2.165E+00  01:33:54 1.446E-05          31  1.935E-01  4.332E-02
INSTANCE WITH CRITICAL ELEMENT: HALFBLOCK-1-LIN-1-2
   152643  2.210E+00 2.210E+00  01:35:54 1.446E-05          35  1.716E-01  4.015E-02
INSTANCE WITH CRITICAL ELEMENT: HALFBLOCK-1-LIN-1-2-LIN-2-1
   155797  2.256E+00 2.256E+00  01:37:54 1.446E-05          29  1.840E-01  4.219E-02
INSTANCE WITH CRITICAL ELEMENT: HALFBLOCK-1-LIN-1-2-LIN-11-1
   158954  2.302E+00 2.302E+00  01:39:54 1.446E-05          42  1.669E-01  4.003E-02
INSTANCE WITH CRITICAL ELEMENT: HALFBLOCK-1-LIN-1-2-LIN-11-1
   162107  2.348E+00 2.348E+00  01:41:54 1.446E-05          36  1.868E-01  4.162E-02
INSTANCE WITH CRITICAL ELEMENT: HALFBLOCK-1-LIN-1-2-LIN-11-1
   165243  2.394E+00 2.394E+00  01:43:54 1.446E-05          29  1.820E-01  4.233E-02
INSTANCE WITH CRITICAL ELEMENT: HALFBLOCK-1-LIN-1-2-LIN-11-1
   165685  2.400E+00 2.400E+00  01:44:11 1.446E-05          36  1.871E-01  4.193E-02
INSTANCE WITH CRITICAL ELEMENT: HALFBLOCK-1-LIN-1-2-LIN-11-1
Output Field Frame Number   4, of   20, at step time 2.400E+00
   168869  2.446E+00 2.446E+00  01:46:12 1.446E-05          33  1.818E-01  4.193E-02
INSTANCE WITH CRITICAL ELEMENT: HALFBLOCK-1-LIN-1-2-LIN-11-1
   172077  2.493E+00 2.493E+00  01:48:12 1.446E-05          41  1.883E-01  4.346E-02
INSTANCE WITH CRITICAL ELEMENT: HALFBLOCK-1-LIN-1-2-LIN-2-1
   175259  2.539E+00 2.539E+00  01:50:12 1.446E-05          41  1.948E-01  4.167E-02
INSTANCE WITH CRITICAL ELEMENT: HALFBLOCK-1-LIN-1-2-LIN-2-1
   178428  2.585E+00 2.585E+00  01:52:12 1.446E-05          41  1.600E-01  3.855E-02
INSTANCE WITH CRITICAL ELEMENT: HALFBLOCK-1-LIN-1-2-LIN-2-1
   181629  2.632E+00 2.632E+00  01:54:12 1.446E-05          36  1.927E-01  4.207E-02
INSTANCE WITH CRITICAL ELEMENT: HALFBLOCK-1-LIN-1-2
   184835  2.679E+00 2.679E+00  01:56:12 1.446E-05          42  1.897E-01  4.499E-02
INSTANCE WITH CRITICAL ELEMENT: HALFBLOCK-1-LIN-1-2
   188045  2.725E+00 2.725E+00  01:58:12 1.446E-05          41  1.632E-01  4.034E-02
INSTANCE WITH CRITICAL ELEMENT: HALFBLOCK-1-LIN-1-2-LIN-2-1
   191240  2.772E+00 2.772E+00  02:00:12 1.446E-05          42  1.643E-01  4.194E-02
INSTANCE WITH CRITICAL ELEMENT: HALFBLOCK-1-LIN-1-2-LIN-11-1
   194438  2.818E+00 2.818E+00  02:02:12 1.446E-05          33  1.740E-01  4.170E-02
INSTANCE WITH CRITICAL ELEMENT: HALFBLOCK-1-LIN-1-2-LIN-11-1
   197643  2.865E+00 2.865E+00  02:04:12 1.446E-05          42  1.684E-01  4.119E-02
INSTANCE WITH CRITICAL ELEMENT: HALFBLOCK-1-LIN-1-2-LIN-11-1
   200852  2.911E+00 2.911E+00  02:06:12 1.446E-05          41  1.933E-01  4.356E-02
INSTANCE WITH CRITICAL ELEMENT: HALFBLOCK-1-LIN-1-2-LIN-2-1
   204042  2.958E+00 2.958E+00  02:08:12 1.446E-05          35  1.893E-01  4.547E-02
INSTANCE WITH CRITICAL ELEMENT: HALFBLOCK-1-LIN-1-2-LIN-11-1
   206940  3.000E+00 3.000E+00  02:10:01 1.446E-05          35  1.971E-01  4.535E-02
INSTANCE WITH CRITICAL ELEMENT: HALFBLOCK-1-LIN-2-1
Output Field Frame Number   5, of   20, at step time 3.000E+00
   210134  3.046E+00 3.046E+00  02:12:01 1.446E-05          40  1.997E-01  4.392E-02
INSTANCE WITH CRITICAL ELEMENT: HALFBLOCK-1-LIN-1-2
   213316  3.093E+00 3.093E+00  02:14:01 1.446E-05          40  1.923E-01  4.557E-02
INSTANCE WITH CRITICAL ELEMENT: HALFBLOCK-1-LIN-1-2
   216511  3.139E+00 3.139E+00  02:16:01 1.446E-05          35  1.577E-01  4.072E-02
INSTANCE WITH CRITICAL ELEMENT: HALFBLOCK-1-LIN-1-2-LIN-4-1
   219707  3.186E+00 3.186E+00  02:18:01 1.446E-05          38  1.694E-01  3.994E-02
INSTANCE WITH CRITICAL ELEMENT: HALFBLOCK-1-LIN-1-2-LIN-11-1
   222900  3.232E+00 3.232E+00  02:20:01 1.446E-05          29  1.541E-01  3.884E-02
INSTANCE WITH CRITICAL ELEMENT: HALFBLOCK-1-LIN-1-2-LIN-11-1
   226113  3.279E+00 3.279E+00  02:22:01 1.446E-05          41  1.651E-01  4.208E-02
INSTANCE WITH CRITICAL ELEMENT: HALFBLOCK-1-LIN-1-2-LIN-2-1
   229322  3.326E+00 3.326E+00  02:24:01 1.446E-05          41  1.552E-01  4.114E-02
INSTANCE WITH CRITICAL ELEMENT: HALFBLOCK-1-LIN-1-2-LIN-2-1
   232531  3.372E+00 3.372E+00  02:26:01 1.446E-05          35  1.929E-01  4.555E-02
INSTANCE WITH CRITICAL ELEMENT: HALFBLOCK-1-LIN-1-2-LIN-11-1
   235754  3.419E+00 3.419E+00  02:28:01 1.446E-05          38  1.650E-01  4.064E-02
INSTANCE WITH CRITICAL ELEMENT: HALFBLOCK-1-LIN-1-2-LIN-11-1
   238955  3.466E+00 3.466E+00  02:30:01 1.446E-05          41  1.867E-01  4.407E-02
INSTANCE WITH CRITICAL ELEMENT: HALFBLOCK-1-LIN-1-2-LIN-2-1
   242163  3.512E+00 3.512E+00  02:32:01 1.446E-05          41  2.110E-01  4.544E-02
INSTANCE WITH CRITICAL ELEMENT: HALFBLOCK-1-LIN-1-2-LIN-2-1
   245369  3.559E+00 3.559E+00  02:34:01 1.446E-05          41  1.641E-01  4.009E-02
INSTANCE WITH CRITICAL ELEMENT: HALFBLOCK-1-LIN-1-2-LIN-2-1

 STEP 1  ORIGIN 0.0000

              STEP     TOTAL      WALL      STABLE    CRITICAL    KINETIC      TOTAL
INCREMENT     TIME      TIME      TIME   INCREMENT     ELEMENT     ENERGY     ENERGY
   248195  3.600E+00 3.600E+00  02:35:47 1.446E-05          35  1.757E-01  4.277E-02
INSTANCE WITH CRITICAL ELEMENT: HALFBLOCK-1-LIN-1-2-LIN-9-1
Output Field Frame Number   6, of   20, at step time 3.600E+00
   251379  3.646E+00 3.646E+00  02:37:48 1.446E-05          41  1.720E-01  4.241E-02
INSTANCE WITH CRITICAL ELEMENT: HALFBLOCK-1-LIN-1-2-LIN-2-1
   254579  3.693E+00 3.693E+00  02:39:48 1.446E-05          29  1.813E-01  4.395E-02
INSTANCE WITH CRITICAL ELEMENT: HALFBLOCK-1-LIN-1-2-LIN-11-1
   257790  3.740E+00 3.740E+00  02:41:48 1.446E-05          41  1.585E-01  3.957E-02
INSTANCE WITH CRITICAL ELEMENT: HALFBLOCK-1-LIN-1-2-LIN-2-1
   260978  3.786E+00 3.786E+00  02:43:48 1.446E-05          36  1.627E-01  4.130E-02
INSTANCE WITH CRITICAL ELEMENT: HALFBLOCK-1-LIN-11-1
   264164  3.832E+00 3.832E+00  02:45:48 1.446E-05          35  1.809E-01  4.323E-02
INSTANCE WITH CRITICAL ELEMENT: HALFBLOCK-1-LIN-1-2-LIN-2-1
   267368  3.879E+00 3.879E+00  02:47:48 1.446E-05          38  1.531E-01  4.019E-02
INSTANCE WITH CRITICAL ELEMENT: HALFBLOCK-1-LIN-1-2-LIN-11-1
   270544  3.925E+00 3.925E+00  02:49:48 1.446E-05          38  1.600E-01  4.001E-02
INSTANCE WITH CRITICAL ELEMENT: HALFBLOCK-1-LIN-1-2-LIN-11-1
   273738  3.971E+00 3.971E+00  02:51:48 1.446E-05          31  1.586E-01  4.134E-02
INSTANCE WITH CRITICAL ELEMENT: HALFBLOCK-1-LIN-1-2
   276926  4.018E+00 4.018E+00  02:53:48 1.446E-05          29  1.500E-01  3.989E-02
INSTANCE WITH CRITICAL ELEMENT: HALFBLOCK-1-LIN-1-2-LIN-11-1
   280118  4.063E+00 4.063E+00  02:55:48 1.446E-05          33  1.763E-01  4.409E-02
INSTANCE WITH CRITICAL ELEMENT: HALFBLOCK-1-LIN-1-2-LIN-11-1
   283297  4.109E+00 4.109E+00  02:57:48 1.446E-05          36  1.694E-01  4.417E-02
INSTANCE WITH CRITICAL ELEMENT: HALFBLOCK-1-LIN-1-2-LIN-5-1
   286491  4.154E+00 4.154E+00  02:59:48 1.446E-05          42  1.750E-01  4.309E-02
INSTANCE WITH CRITICAL ELEMENT: HALFBLOCK-1-LIN-1-2-LIN-11-1
   289680  4.200E+00 4.200E+00  03:01:48 1.446E-05          31  1.576E-01  4.021E-02
INSTANCE WITH CRITICAL ELEMENT: HALFBLOCK-1-LIN-1-2
Output Field Frame Number   7, of   20, at step time 4.200E+00
   292853  4.245E+00 4.245E+00  03:03:48 1.446E-05          29  1.702E-01  4.186E-02
INSTANCE WITH CRITICAL ELEMENT: HALFBLOCK-1-LIN-1-2-LIN-11-1
   295981  4.290E+00 4.290E+00  03:05:48 1.446E-05          41  1.872E-01  4.546E-02
INSTANCE WITH CRITICAL ELEMENT: HALFBLOCK-1-LIN-1-2-LIN-2-1
   299191  4.336E+00 4.336E+00  03:07:48 1.446E-05          36  1.716E-01  4.268E-02
INSTANCE WITH CRITICAL ELEMENT: HALFBLOCK-1-LIN-1-2-LIN-5-1

***WARNING: THE ANALYSIS REACHED A LARGE NUMBER OF INCREMENTS (300000), AND IT
            MAY BE AFFECTED BY ROUND-OFF ERRORS. RUNNING THE DOUBLE PRECISION
            EXECUTABLE IS RECOMMENDED.

   302390  4.382E+00 4.382E+00  03:09:48 1.446E-05          33  1.723E-01  4.229E-02
INSTANCE WITH CRITICAL ELEMENT: HALFBLOCK-1-LIN-1-2-LIN-11-1
   305615  4.428E+00 4.428E+00  03:11:48 1.446E-05          41  1.576E-01  4.417E-02
INSTANCE WITH CRITICAL ELEMENT: HALFBLOCK-1-LIN-1-2-LIN-2-1
   308850  4.474E+00 4.474E+00  03:13:48 1.446E-05          35  1.828E-01  4.375E-02
INSTANCE WITH CRITICAL ELEMENT: HALFBLOCK-1-LIN-1-2-LIN-2-1
   312052  4.520E+00 4.520E+00  03:15:48 1.446E-05          29  2.011E-01  4.593E-02
INSTANCE WITH CRITICAL ELEMENT: HALFBLOCK-1-LIN-1-2-LIN-11-1
   315284  4.566E+00 4.566E+00  03:17:48 1.446E-05          29  1.852E-01  4.596E-02
INSTANCE WITH CRITICAL ELEMENT: HALFBLOCK-1-LIN-1-2-LIN-11-1
   318503  4.612E+00 4.612E+00  03:19:48 1.446E-05          35  1.729E-01  4.391E-02
INSTANCE WITH CRITICAL ELEMENT: HALFBLOCK-1-LIN-1-2-LIN-9-1
   321742  4.659E+00 4.659E+00  03:21:48 1.446E-05          41  1.688E-01  4.356E-02
INSTANCE WITH CRITICAL ELEMENT: HALFBLOCK-1-LIN-1-2-LIN-2-1
   324979  4.705E+00 4.705E+00  03:23:48 1.446E-05          42  1.681E-01  4.239E-02
INSTANCE WITH CRITICAL ELEMENT: HALFBLOCK-1-LIN-1-2-LIN-11-1
   328206  4.751E+00 4.751E+00  03:25:48 1.446E-05          41  1.772E-01  4.907E-02
INSTANCE WITH CRITICAL ELEMENT: HALFBLOCK-1-LIN-1-2-LIN-2-1
   331452  4.798E+00 4.798E+00  03:27:48 1.446E-05          42  1.568E-01  4.121E-02
INSTANCE WITH CRITICAL ELEMENT: HALFBLOCK-1-LIN-1-2-LIN-11-1
   331623  4.800E+00 4.800E+00  03:27:55 1.446E-05          38  1.684E-01  4.343E-02
INSTANCE WITH CRITICAL ELEMENT: HALFBLOCK-1-LIN-1-2-LIN-11-1
Output Field Frame Number   8, of   20, at step time 4.800E+00
   334847  4.846E+00 4.846E+00  03:29:55 1.446E-05          33  1.739E-01  4.368E-02
INSTANCE WITH CRITICAL ELEMENT: HALFBLOCK-1-LIN-1-2-LIN-11-1
   338072  4.892E+00 4.892E+00  03:31:55 1.446E-05          31  1.499E-01  4.015E-02
INSTANCE WITH CRITICAL ELEMENT: HALFBLOCK-1-LIN-1-2
   341284  4.938E+00 4.938E+00  03:33:55 1.446E-05          35  1.448E-01  4.016E-02
INSTANCE WITH CRITICAL ELEMENT: HALFBLOCK-1-LIN-1-2-LIN-2-1
   344507  4.984E+00 4.984E+00  03:35:55 1.446E-05          31  1.637E-01  4.204E-02
INSTANCE WITH CRITICAL ELEMENT: HALFBLOCK-1-LIN-1-2
   347718  5.030E+00 5.030E+00  03:37:55 1.446E-05          42  1.566E-01  4.330E-02
INSTANCE WITH CRITICAL ELEMENT: HALFBLOCK-1-LIN-1-2-LIN-11-1
   350934  5.076E+00 5.076E+00  03:39:55 1.446E-05          29  1.765E-01  4.476E-02
INSTANCE WITH CRITICAL ELEMENT: HALFBLOCK-1-LIN-1-2-LIN-11-1
   354167  5.122E+00 5.122E+00  03:41:55 1.446E-05          29  1.682E-01  4.347E-02
INSTANCE WITH CRITICAL ELEMENT: HALFBLOCK-1-LIN-1-2-LIN-11-1
   357397  5.169E+00 5.169E+00  03:43:55 1.446E-05          42  1.642E-01  4.340E-02
INSTANCE WITH CRITICAL ELEMENT: HALFBLOCK-1-LIN-1-2-LIN-11-1
   360614  5.215E+00 5.215E+00  03:45:56 1.446E-05          33  1.796E-01  4.548E-02
INSTANCE WITH CRITICAL ELEMENT: HALFBLOCK-1-LIN-1-2-LIN-11-1
   363843  5.261E+00 5.261E+00  03:47:56 1.446E-05          38  1.622E-01  4.277E-02
INSTANCE WITH CRITICAL ELEMENT: HALFBLOCK-1-LIN-1-2-LIN-11-1
   367059  5.307E+00 5.307E+00  03:49:56 1.446E-05          41  1.767E-01  4.487E-02
INSTANCE WITH CRITICAL ELEMENT: HALFBLOCK-1-LIN-1-2-LIN-2-1
   370282  5.353E+00 5.353E+00  03:51:56 1.446E-05          41  1.648E-01  4.354E-02
INSTANCE WITH CRITICAL ELEMENT: HALFBLOCK-1-LIN-1-2-LIN-2-1

 STEP 1  ORIGIN 0.0000

              STEP     TOTAL      WALL      STABLE    CRITICAL    KINETIC      TOTAL
INCREMENT     TIME      TIME      TIME   INCREMENT     ELEMENT     ENERGY     ENERGY
   373501  5.399E+00 5.399E+00  03:53:56 1.446E-05          42  1.661E-01  4.401E-02
INSTANCE WITH CRITICAL ELEMENT: HALFBLOCK-1-LIN-1-2-LIN-11-1
   373566  5.400E+00 5.400E+00  03:53:58 1.446E-05          29  1.701E-01  4.451E-02
INSTANCE WITH CRITICAL ELEMENT: HALFBLOCK-1-LIN-1-2-LIN-11-1
Output Field Frame Number   9, of   20, at step time 5.400E+00
   376750  5.446E+00 5.446E+00  03:55:59 1.446E-05          41  1.701E-01  4.484E-02
INSTANCE WITH CRITICAL ELEMENT: HALFBLOCK-1-LIN-1-2-LIN-2-1
   379969  5.492E+00 5.492E+00  03:57:59 1.446E-05          31  1.585E-01  4.455E-02
INSTANCE WITH CRITICAL ELEMENT: HALFBLOCK-1-LIN-1-2-LIN-9-1
   383198  5.538E+00 5.538E+00  03:59:59 1.446E-05          29  1.645E-01  4.546E-02
INSTANCE WITH CRITICAL ELEMENT: HALFBLOCK-1-LIN-1-2-LIN-11-1
   386425  5.584E+00 5.584E+00  04:01:59 1.446E-05          38  1.693E-01  4.664E-02
INSTANCE WITH CRITICAL ELEMENT: HALFBLOCK-1-LIN-1-2-LIN-11-1
   389603  5.629E+00 5.629E+00  04:03:59 1.446E-05          35  1.631E-01  4.411E-02
INSTANCE WITH CRITICAL ELEMENT: HALFBLOCK-1-LIN-1-2-LIN-11-1
   392826  5.676E+00 5.676E+00  04:05:59 1.446E-05          38  1.871E-01  4.672E-02
INSTANCE WITH CRITICAL ELEMENT: HALFBLOCK-1-LIN-1-2-LIN-11-1
   396050  5.722E+00 5.722E+00  04:07:59 1.446E-05          29  1.711E-01  4.450E-02
INSTANCE WITH CRITICAL ELEMENT: HALFBLOCK-1-LIN-1-2-LIN-11-1
   399267  5.768E+00 5.768E+00  04:09:59 1.446E-05          36  1.540E-01  4.229E-02
INSTANCE WITH CRITICAL ELEMENT: HALFBLOCK-1-LIN-1-2-LIN-5-1
   402487  5.814E+00 5.814E+00  04:11:59 1.446E-05          41  1.636E-01  4.510E-02
INSTANCE WITH CRITICAL ELEMENT: HALFBLOCK-1-LIN-1-2-LIN-2-1
   405697  5.860E+00 5.860E+00  04:13:59 1.446E-05          41  1.746E-01  4.685E-02
INSTANCE WITH CRITICAL ELEMENT: HALFBLOCK-1-LIN-1-2-LIN-2-1
   408926  5.906E+00 5.906E+00  04:15:59 1.446E-05          41  1.749E-01  4.344E-02
INSTANCE WITH CRITICAL ELEMENT: HALFBLOCK-1-LIN-1-2-LIN-2-1
   412142  5.952E+00 5.952E+00  04:17:59 1.446E-05          33  1.730E-01  4.692E-02
INSTANCE WITH CRITICAL ELEMENT: HALFBLOCK-1-LIN-1-2-LIN-11-1
   415363  5.998E+00 5.998E+00  04:19:59 1.446E-05          33  1.746E-01  4.539E-02
INSTANCE WITH CRITICAL ELEMENT: HALFBLOCK-1-LIN-1-2-LIN-11-1
   415509  6.000E+00 6.000E+00  04:20:04 1.446E-05          33  1.789E-01  4.642E-02
INSTANCE WITH CRITICAL ELEMENT: HALFBLOCK-1-LIN-1-2-LIN-11-1
Output Field Frame Number  10, of   20, at step time 6.000E+00
   418731  6.046E+00 6.046E+00  04:22:05 1.446E-05          29  1.778E-01  4.699E-02
INSTANCE WITH CRITICAL ELEMENT: HALFBLOCK-1-LIN-1-2-LIN-11-1
   421930  6.092E+00 6.092E+00  04:24:05 1.446E-05          36  1.625E-01  4.521E-02
INSTANCE WITH CRITICAL ELEMENT: HALFBLOCK-1-LIN-1-2-LIN-11-1
   425123  6.138E+00 6.138E+00  04:26:05 1.446E-05          29  1.756E-01  4.707E-02
INSTANCE WITH CRITICAL ELEMENT: HALFBLOCK-1-LIN-1-2-LIN-11-1
   428336  6.183E+00 6.183E+00  04:28:05 1.446E-05          29  1.628E-01  4.581E-02
INSTANCE WITH CRITICAL ELEMENT: HALFBLOCK-1-LIN-1-2-LIN-11-1
   431537  6.229E+00 6.229E+00  04:30:05 1.446E-05          41  1.702E-01  4.442E-02
INSTANCE WITH CRITICAL ELEMENT: HALFBLOCK-1-LIN-1-2-LIN-2-1
   434721  6.275E+00 6.275E+00  04:32:05 1.446E-05          33  1.849E-01  4.807E-02
INSTANCE WITH CRITICAL ELEMENT: HALFBLOCK-1-LIN-1-2-LIN-11-1
   437868  6.320E+00 6.320E+00  04:34:05 1.446E-05          41  1.833E-01  4.717E-02
INSTANCE WITH CRITICAL ELEMENT: HALFBLOCK-1-LIN-1-2-LIN-2-1
   441072  6.366E+00 6.366E+00  04:36:05 1.446E-05          38  1.905E-01  4.776E-02
INSTANCE WITH CRITICAL ELEMENT: HALFBLOCK-1-LIN-1-2
   444299  6.412E+00 6.412E+00  04:38:05 1.446E-05          33  1.723E-01  4.626E-02
INSTANCE WITH CRITICAL ELEMENT: HALFBLOCK-1-LIN-1-2-LIN-11-1
   447511  6.458E+00 6.458E+00  04:40:05 1.446E-05          29  1.766E-01  4.774E-02
INSTANCE WITH CRITICAL ELEMENT: HALFBLOCK-1-LIN-1-2-LIN-11-1
   450722  6.504E+00 6.504E+00  04:42:05 1.446E-05          29  1.663E-01  4.450E-02
INSTANCE WITH CRITICAL ELEMENT: HALFBLOCK-1-LIN-1-2-LIN-11-1
   453917  6.549E+00 6.549E+00  04:44:05 1.446E-05          42  1.601E-01  4.368E-02
INSTANCE WITH CRITICAL ELEMENT: HALFBLOCK-1-LIN-1-2-LIN-11-1
   457126  6.595E+00 6.595E+00  04:46:05 1.446E-05          33  1.737E-01  4.636E-02
INSTANCE WITH CRITICAL ELEMENT: HALFBLOCK-1-LIN-1-2-LIN-11-1
   457452  6.600E+00 6.600E+00  04:46:18 1.446E-05          29  1.565E-01  4.396E-02
INSTANCE WITH CRITICAL ELEMENT: HALFBLOCK-1-LIN-1-2-LIN-11-1
Output Field Frame Number  11, of   20, at step time 6.600E+00
   460612  6.645E+00 6.645E+00  04:48:18 1.446E-05          38  1.723E-01  4.623E-02
INSTANCE WITH CRITICAL ELEMENT: HALFBLOCK-1-LIN-1-2-LIN-11-1
   463819  6.691E+00 6.691E+00  04:50:18 1.446E-05          41  1.752E-01  4.699E-02
INSTANCE WITH CRITICAL ELEMENT: HALFBLOCK-1-LIN-1-2-LIN-2-1
   467013  6.737E+00 6.737E+00  04:52:18 1.446E-05          41  1.722E-01  4.578E-02
INSTANCE WITH CRITICAL ELEMENT: HALFBLOCK-1-LIN-1-2-LIN-2-1
   470229  6.783E+00 6.783E+00  04:54:18 1.446E-05          41  1.676E-01  4.731E-02
INSTANCE WITH CRITICAL ELEMENT: HALFBLOCK-1-LIN-1-2-LIN-2-1
   473436  6.829E+00 6.829E+00  04:56:18 1.446E-05          41  1.751E-01  4.964E-02
INSTANCE WITH CRITICAL ELEMENT: HALFBLOCK-1-LIN-1-2-LIN-2-1
   476652  6.875E+00 6.875E+00  04:58:18 1.446E-05          29  1.873E-01  4.908E-02
INSTANCE WITH CRITICAL ELEMENT: HALFBLOCK-1-LIN-1-2
   479862  6.921E+00 6.921E+00  05:00:18 1.446E-05          29  1.859E-01  4.956E-02
INSTANCE WITH CRITICAL ELEMENT: HALFBLOCK-1-LIN-1-2-LIN-11-1
   483073  6.967E+00 6.967E+00  05:02:18 1.446E-05          33  1.791E-01  4.864E-02
INSTANCE WITH CRITICAL ELEMENT: HALFBLOCK-1-LIN-1-2-LIN-11-1
   486265  7.012E+00 7.012E+00  05:04:18 1.446E-05          36  1.678E-01  4.626E-02
INSTANCE WITH CRITICAL ELEMENT: HALFBLOCK-1-LIN-1-2-LIN-11-1
   489474  7.058E+00 7.058E+00  05:06:18 1.446E-05          41  1.639E-01  4.474E-02
INSTANCE WITH CRITICAL ELEMENT: HALFBLOCK-1-LIN-1-2-LIN-2-1

 STEP 1  ORIGIN 0.0000

              STEP     TOTAL      WALL      STABLE    CRITICAL    KINETIC      TOTAL
INCREMENT     TIME      TIME      TIME   INCREMENT     ELEMENT     ENERGY     ENERGY
   492682  7.104E+00 7.104E+00  05:08:18 1.446E-05          38  1.976E-01  5.271E-02
INSTANCE WITH CRITICAL ELEMENT: HALFBLOCK-1-LIN-1-2-LIN-11-1
   495877  7.150E+00 7.150E+00  05:10:18 1.446E-05          42  1.817E-01  4.830E-02
INSTANCE WITH CRITICAL ELEMENT: HALFBLOCK-1-LIN-1-2-LIN-11-1
   499082  7.196E+00 7.196E+00  05:12:18 1.446E-05          35  1.667E-01  4.602E-02
INSTANCE WITH CRITICAL ELEMENT: HALFBLOCK-1-LIN-1-2-LIN-9-1
   499395  7.200E+00 7.200E+00  05:12:30 1.446E-05          29  1.602E-01  4.630E-02
INSTANCE WITH CRITICAL ELEMENT: HALFBLOCK-1-LIN-1-2-LIN-11-1
Output Field Frame Number  12, of   20, at step time 7.200E+00
   502601  7.246E+00 7.246E+00  05:14:30 1.446E-05          41  1.948E-01  4.944E-02
INSTANCE WITH CRITICAL ELEMENT: HALFBLOCK-1-LIN-1-2-LIN-2-1
   505795  7.292E+00 7.292E+00  05:16:30 1.446E-05          42  1.821E-01  4.756E-02
INSTANCE WITH CRITICAL ELEMENT: HALFBLOCK-1-LIN-1-2-LIN-11-1
   509008  7.338E+00 7.338E+00  05:18:30 1.446E-05          33  1.884E-01  5.025E-02
INSTANCE WITH CRITICAL ELEMENT: HALFBLOCK-1-LIN-1-2-LIN-11-1
   512203  7.383E+00 7.383E+00  05:20:31 1.446E-05          38  1.775E-01  4.950E-02
INSTANCE WITH CRITICAL ELEMENT: HALFBLOCK-1-LIN-1-2-LIN-11-1
   515408  7.429E+00 7.429E+00  05:22:31 1.446E-05          33  1.727E-01  4.793E-02
INSTANCE WITH CRITICAL ELEMENT: HALFBLOCK-1-LIN-1-2-LIN-11-1
   518617  7.475E+00 7.475E+00  05:24:31 1.446E-05          29  1.809E-01  4.843E-02
INSTANCE WITH CRITICAL ELEMENT: HALFBLOCK-1-LIN-1-2-LIN-11-1
   521815  7.521E+00 7.521E+00  05:26:31 1.446E-05          33  1.709E-01  4.666E-02
INSTANCE WITH CRITICAL ELEMENT: HALFBLOCK-1-LIN-1-2-LIN-11-1
   525020  7.567E+00 7.567E+00  05:28:31 1.446E-05          33  1.778E-01  4.664E-02
INSTANCE WITH CRITICAL ELEMENT: HALFBLOCK-1-LIN-1-2-LIN-11-1
   528230  7.612E+00 7.612E+00  05:30:31 1.446E-05          41  1.677E-01  4.729E-02
INSTANCE WITH CRITICAL ELEMENT: HALFBLOCK-1-LIN-1-2-LIN-2-1
   531433  7.658E+00 7.658E+00  05:32:31 1.446E-05          42  1.706E-01  4.724E-02
INSTANCE WITH CRITICAL ELEMENT: HALFBLOCK-1-LIN-1-2
   534637  7.704E+00 7.704E+00  05:34:31 1.446E-05          41  1.718E-01  4.880E-02
INSTANCE WITH CRITICAL ELEMENT: HALFBLOCK-1-LIN-1-2-LIN-2-1
   537849  7.750E+00 7.750E+00  05:36:31 1.446E-05          41  1.766E-01  4.824E-02
INSTANCE WITH CRITICAL ELEMENT: HALFBLOCK-1-LIN-1-2-LIN-2-1
   541064  7.796E+00 7.796E+00  05:38:31 1.446E-05          36  1.739E-01  4.626E-02
INSTANCE WITH CRITICAL ELEMENT: HALFBLOCK-1-LIN-1-2
   541338  7.800E+00 7.800E+00  05:38:41 1.446E-05          29  1.738E-01  4.845E-02
INSTANCE WITH CRITICAL ELEMENT: HALFBLOCK-1-LIN-1-2-LIN-11-1
Output Field Frame Number  13, of   20, at step time 7.800E+00
   544436  7.844E+00 7.844E+00  05:40:41 1.446E-05          35  1.792E-01  4.867E-02
INSTANCE WITH CRITICAL ELEMENT: HALFBLOCK-1-LIN-1-2-LIN-4-1
   547549  7.889E+00 7.889E+00  05:42:41 1.446E-05          33  1.822E-01  5.092E-02
INSTANCE WITH CRITICAL ELEMENT: HALFBLOCK-1-LIN-1-2-LIN-11-1
   550633  7.933E+00 7.933E+00  05:44:41 1.446E-05          36  1.743E-01  4.837E-02
INSTANCE WITH CRITICAL ELEMENT: HALFBLOCK-1-LIN-1-2-LIN-11-1
   553723  7.977E+00 7.977E+00  05:46:41 1.446E-05          33  1.607E-01  4.580E-02
INSTANCE WITH CRITICAL ELEMENT: HALFBLOCK-1-LIN-1-2-LIN-11-1
   556826  8.022E+00 8.022E+00  05:48:41 1.446E-05          41  1.817E-01  4.714E-02
INSTANCE WITH CRITICAL ELEMENT: HALFBLOCK-1-LIN-1-2-LIN-2-1
   559918  8.066E+00 8.066E+00  05:50:41 1.446E-05          35  1.815E-01  5.049E-02
INSTANCE WITH CRITICAL ELEMENT: HALFBLOCK-1-LIN-1-2-LIN-11-1
   563016  8.110E+00 8.110E+00  05:52:41 1.446E-05          33  1.798E-01  4.976E-02
INSTANCE WITH CRITICAL ELEMENT: HALFBLOCK-1-LIN-1-2-LIN-11-1
   566124  8.155E+00 8.155E+00  05:54:42 1.446E-05          29  2.376E-01  5.560E-02
INSTANCE WITH CRITICAL ELEMENT: HALFBLOCK-1-LIN-11-1
   569224  8.199E+00 8.199E+00  05:56:42 1.446E-05          29  1.648E-01  4.634E-02
INSTANCE WITH CRITICAL ELEMENT: HALFBLOCK-1-LIN-1-2-LIN-11-1
   572289  8.243E+00 8.243E+00  05:58:42 1.446E-05          33  1.833E-01  4.965E-02
INSTANCE WITH CRITICAL ELEMENT: HALFBLOCK-1-LIN-1-2-LIN-11-1
   575376  8.287E+00 8.287E+00  06:00:42 1.446E-05          41  1.649E-01  4.685E-02
INSTANCE WITH CRITICAL ELEMENT: HALFBLOCK-1-LIN-2-1
   578473  8.331E+00 8.331E+00  06:02:42 1.446E-05          38  1.672E-01  4.596E-02
INSTANCE WITH CRITICAL ELEMENT: HALFBLOCK-1-LIN-1-2-LIN-11-1
   581573  8.376E+00 8.376E+00  06:04:42 1.446E-05          41  1.602E-01  4.630E-02
INSTANCE WITH CRITICAL ELEMENT: HALFBLOCK-1-LIN-1-2-LIN-2-1
   583281  8.400E+00 8.400E+00  06:05:48 1.446E-05          29  1.682E-01  4.797E-02
INSTANCE WITH CRITICAL ELEMENT: HALFBLOCK-1-LIN-1-2
Output Field Frame Number  14, of   20, at step time 8.400E+00
   586472  8.446E+00 8.446E+00  06:07:49 1.446E-05          33  1.594E-01  4.593E-02
INSTANCE WITH CRITICAL ELEMENT: HALFBLOCK-1-LIN-1-2-LIN-11-1
   589662  8.491E+00 8.491E+00  06:09:49 1.446E-05          31  1.472E-01  4.496E-02
INSTANCE WITH CRITICAL ELEMENT: HALFBLOCK-1-LIN-1-2
   592846  8.537E+00 8.537E+00  06:11:49 1.446E-05          33  1.652E-01  4.699E-02
INSTANCE WITH CRITICAL ELEMENT: HALFBLOCK-1-LIN-1-2-LIN-11-1
   596032  8.582E+00 8.582E+00  06:13:49 1.446E-05          41  1.561E-01  4.541E-02
INSTANCE WITH CRITICAL ELEMENT: HALFBLOCK-1-LIN-1-2-LIN-2-1
   599248  8.628E+00 8.628E+00  06:15:49 1.446E-05          42  1.570E-01  4.643E-02
INSTANCE WITH CRITICAL ELEMENT: HALFBLOCK-1-LIN-1-2-LIN-11-1
   602455  8.674E+00 8.674E+00  06:17:49 1.446E-05          29  1.633E-01  4.772E-02
INSTANCE WITH CRITICAL ELEMENT: HALFBLOCK-1-LIN-1-2-LIN-11-1
   605628  8.720E+00 8.720E+00  06:19:49 1.446E-05          29  1.558E-01  4.645E-02
INSTANCE WITH CRITICAL ELEMENT: HALFBLOCK-1-LIN-1-2-LIN-11-1
   608826  8.765E+00 8.765E+00  06:21:49 1.446E-05          41  1.498E-01  4.443E-02
INSTANCE WITH CRITICAL ELEMENT: HALFBLOCK-1-LIN-1-2-LIN-2-1

 STEP 1  ORIGIN 0.0000

              STEP     TOTAL      WALL      STABLE    CRITICAL    KINETIC      TOTAL
INCREMENT     TIME      TIME      TIME   INCREMENT     ELEMENT     ENERGY     ENERGY
   612010  8.811E+00 8.811E+00  06:23:49 1.446E-05          33  1.574E-01  4.560E-02
INSTANCE WITH CRITICAL ELEMENT: HALFBLOCK-1-LIN-1-2-LIN-11-1
   615212  8.857E+00 8.857E+00  06:25:49 1.446E-05          29  1.439E-01  4.293E-02
INSTANCE WITH CRITICAL ELEMENT: HALFBLOCK-1-LIN-1-2-LIN-11-1
   618412  8.903E+00 8.903E+00  06:27:49 1.446E-05          29  1.514E-01  4.461E-02
INSTANCE WITH CRITICAL ELEMENT: HALFBLOCK-1-LIN-1-2-LIN-11-1
   621621  8.948E+00 8.948E+00  06:29:49 1.446E-05          31  1.629E-01  4.669E-02
INSTANCE WITH CRITICAL ELEMENT: HALFBLOCK-1-LIN-1-2
   624817  8.994E+00 8.994E+00  06:31:49 1.446E-05          40  1.539E-01  4.773E-02
INSTANCE WITH CRITICAL ELEMENT: HALFBLOCK-1-LIN-1-2-LIN-11-1
   625224  9.000E+00 9.000E+00  06:32:04 1.446E-05          29  1.669E-01  5.097E-02
INSTANCE WITH CRITICAL ELEMENT: HALFBLOCK-1-LIN-1-2-LIN-11-1
Output Field Frame Number  15, of   20, at step time 9.000E+00
   628434  9.046E+00 9.046E+00  06:34:05 1.446E-05          41  1.684E-01  4.781E-02
INSTANCE WITH CRITICAL ELEMENT: HALFBLOCK-1-LIN-1-2-LIN-2-1
   631646  9.092E+00 9.092E+00  06:36:05 1.446E-05          31  1.576E-01  4.710E-02
INSTANCE WITH CRITICAL ELEMENT: HALFBLOCK-1-LIN-1-2
   634863  9.138E+00 9.138E+00  06:38:05 1.446E-05          41  1.585E-01  4.664E-02
INSTANCE WITH CRITICAL ELEMENT: HALFBLOCK-1-LIN-1-2-LIN-2-1
   638071  9.184E+00 9.184E+00  06:40:05 1.446E-05          41  1.662E-01  4.886E-02
INSTANCE WITH CRITICAL ELEMENT: HALFBLOCK-1-LIN-1-2-LIN-2-1
   641274  9.230E+00 9.230E+00  06:42:05 1.446E-05          41  1.613E-01  4.895E-02
INSTANCE WITH CRITICAL ELEMENT: HALFBLOCK-1-LIN-1-2-LIN-2-1
   644451  9.275E+00 9.275E+00  06:44:05 1.446E-05          41  1.648E-01  4.886E-02
INSTANCE WITH CRITICAL ELEMENT: HALFBLOCK-1-LIN-1-2-LIN-2-1
   647650  9.321E+00 9.321E+00  06:46:05 1.446E-05          29  1.576E-01  4.824E-02
INSTANCE WITH CRITICAL ELEMENT: HALFBLOCK-1-LIN-11-1
   650855  9.367E+00 9.367E+00  06:48:06 1.446E-05          41  1.657E-01  4.870E-02
INSTANCE WITH CRITICAL ELEMENT: HALFBLOCK-1-LIN-1-2-LIN-2-1
   653907  9.410E+00 9.410E+00  06:50:06 1.446E-05          41  1.695E-01  4.982E-02
INSTANCE WITH CRITICAL ELEMENT: HALFBLOCK-1-LIN-1-2-LIN-2-1
   657094  9.456E+00 9.456E+00  06:52:07 1.446E-05          41  1.682E-01  4.940E-02
INSTANCE WITH CRITICAL ELEMENT: HALFBLOCK-1-LIN-1-2-LIN-2-1
   660298  9.502E+00 9.502E+00  06:54:07 1.446E-05          29  1.693E-01  4.972E-02
INSTANCE WITH CRITICAL ELEMENT: HALFBLOCK-1-LIN-1-2-LIN-11-1
   663224  9.544E+00 9.544E+00  06:56:08 1.446E-05          36  1.733E-01  4.879E-02
INSTANCE WITH CRITICAL ELEMENT: HALFBLOCK-1-LIN-1-2-LIN-11-1
   666117  9.585E+00 9.585E+00  06:58:08 1.446E-05          33  1.531E-01  4.550E-02
INSTANCE WITH CRITICAL ELEMENT: HALFBLOCK-1-LIN-11-1
   667167  9.600E+00 9.600E+00  06:58:49 1.446E-05          31  1.615E-01  4.765E-02
INSTANCE WITH CRITICAL ELEMENT: HALFBLOCK-1-LIN-1-2
Output Field Frame Number  16, of   20, at step time 9.600E+00
   670195  9.643E+00 9.643E+00  07:00:50 1.446E-05          41  1.544E-01  4.774E-02
INSTANCE WITH CRITICAL ELEMENT: HALFBLOCK-1-LIN-1-2-LIN-2-1
   673410  9.689E+00 9.689E+00  07:02:51 1.446E-05          36  1.572E-01  4.847E-02
INSTANCE WITH CRITICAL ELEMENT: HALFBLOCK-1-LIN-1-2-LIN-11-1
   676449  9.733E+00 9.733E+00  07:04:51 1.446E-05          33  1.600E-01  4.949E-02
INSTANCE WITH CRITICAL ELEMENT: HALFBLOCK-1-LIN-1-2-LIN-11-1
   679491  9.776E+00 9.776E+00  07:06:51 1.446E-05          41  1.698E-01  5.021E-02
INSTANCE WITH CRITICAL ELEMENT: HALFBLOCK-1-LIN-1-2-LIN-2-1
   682536  9.820E+00 9.820E+00  07:08:52 1.446E-05          41  1.615E-01  4.713E-02
INSTANCE WITH CRITICAL ELEMENT: HALFBLOCK-1-LIN-1-2-LIN-2-1
   685575  9.863E+00 9.863E+00  07:10:52 1.446E-05          33  1.643E-01  4.814E-02
INSTANCE WITH CRITICAL ELEMENT: HALFBLOCK-1-LIN-1-2-LIN-11-1
   688781  9.909E+00 9.909E+00  07:12:53 1.446E-05          33  1.584E-01  4.744E-02
INSTANCE WITH CRITICAL ELEMENT: HALFBLOCK-1-LIN-1-2-LIN-11-1
   691868  9.953E+00 9.953E+00  07:14:53 1.446E-05          41  1.817E-01  5.097E-02
INSTANCE WITH CRITICAL ELEMENT: HALFBLOCK-1-LIN-1-2-LIN-2-1
   694953  9.997E+00 9.997E+00  07:16:53 1.446E-05          29  1.716E-01  4.925E-02
INSTANCE WITH CRITICAL ELEMENT: HALFBLOCK-1-LIN-1-2-LIN-11-1
   698005  1.004E+01 1.004E+01  07:18:54 1.446E-05          33  1.572E-01  4.933E-02
INSTANCE WITH CRITICAL ELEMENT: HALFBLOCK-1-LIN-1-2-LIN-11-1
   701048  1.008E+01 1.008E+01  07:20:54 1.446E-05          41  1.632E-01  4.732E-02
INSTANCE WITH CRITICAL ELEMENT: HALFBLOCK-1-LIN-1-2-LIN-2-1
   704091  1.013E+01 1.013E+01  07:22:55 1.446E-05          33  1.558E-01  4.772E-02
INSTANCE WITH CRITICAL ELEMENT: HALFBLOCK-1-LIN-1-2-LIN-11-1
   707203  1.017E+01 1.017E+01  07:24:56 1.446E-05          41  1.687E-01  5.007E-02
INSTANCE WITH CRITICAL ELEMENT: HALFBLOCK-1-LIN-1-2-LIN-2-1
   709110  1.020E+01 1.020E+01  07:26:12 1.446E-05          41  1.641E-01  4.897E-02
INSTANCE WITH CRITICAL ELEMENT: HALFBLOCK-1-LIN-1-2-LIN-2-1
Output Field Frame Number  17, of   20, at step time 1.020E+01
   712172  1.024E+01 1.024E+01  07:28:13 1.446E-05          41  1.603E-01  4.980E-02
INSTANCE WITH CRITICAL ELEMENT: HALFBLOCK-1-LIN-1-2-LIN-2-1
   715078  1.029E+01 1.029E+01  07:30:14 1.446E-05          41  1.678E-01  4.906E-02
INSTANCE WITH CRITICAL ELEMENT: HALFBLOCK-1-LIN-1-2-LIN-2-1
   717988  1.033E+01 1.033E+01  07:32:14 1.446E-05          41  1.537E-01  4.924E-02
INSTANCE WITH CRITICAL ELEMENT: HALFBLOCK-1-LIN-1-2-LIN-2-1
   720967  1.037E+01 1.037E+01  07:34:15 1.446E-05          29  1.659E-01  4.922E-02
INSTANCE WITH CRITICAL ELEMENT: HALFBLOCK-1-LIN-1-2-LIN-11-1
   723965  1.041E+01 1.041E+01  07:36:15 1.446E-05          31  1.659E-01  4.941E-02
INSTANCE WITH CRITICAL ELEMENT: HALFBLOCK-1-LIN-1-2
   727162  1.046E+01 1.046E+01  07:38:16 1.446E-05          31  1.606E-01  4.901E-02
INSTANCE WITH CRITICAL ELEMENT: HALFBLOCK-1-LIN-1-2

 STEP 1  ORIGIN 0.0000

              STEP     TOTAL      WALL      STABLE    CRITICAL    KINETIC      TOTAL
INCREMENT     TIME      TIME      TIME   INCREMENT     ELEMENT     ENERGY     ENERGY
   730368  1.050E+01 1.050E+01  07:40:16 1.446E-05          29  1.657E-01  4.888E-02
INSTANCE WITH CRITICAL ELEMENT: HALFBLOCK-1-LIN-1-2-LIN-11-1
   733576  1.055E+01 1.055E+01  07:42:16 1.446E-05          29  1.812E-01  5.109E-02
INSTANCE WITH CRITICAL ELEMENT: HALFBLOCK-1-LIN-1-2-LIN-11-1
   736569  1.059E+01 1.059E+01  07:44:17 1.446E-05          41  1.730E-01  5.020E-02
INSTANCE WITH CRITICAL ELEMENT: HALFBLOCK-1-LIN-1-2-LIN-2-1
   739574  1.064E+01 1.064E+01  07:46:17 1.446E-05          41  1.561E-01  4.754E-02
INSTANCE WITH CRITICAL ELEMENT: HALFBLOCK-1-LIN-1-2-LIN-2-1
   742688  1.068E+01 1.068E+01  07:48:18 1.446E-05          41  1.635E-01  4.790E-02
INSTANCE WITH CRITICAL ELEMENT: HALFBLOCK-1-LIN-1-2-LIN-2-1
   745799  1.072E+01 1.072E+01  07:50:18 1.446E-05          41  1.722E-01  5.012E-02
INSTANCE WITH CRITICAL ELEMENT: HALFBLOCK-1-LIN-1-2-LIN-2-1
   748904  1.077E+01 1.077E+01  07:52:19 1.446E-05          41  1.600E-01  4.840E-02
INSTANCE WITH CRITICAL ELEMENT: HALFBLOCK-1-LIN-1-2-LIN-2-1
   751053  1.080E+01 1.080E+01  07:53:43 1.446E-05          41  1.579E-01  4.689E-02
INSTANCE WITH CRITICAL ELEMENT: HALFBLOCK-1-LIN-1-2-LIN-2-1
Output Field Frame Number  18, of   20, at step time 1.080E+01
   754036  1.084E+01 1.084E+01  07:55:44 1.446E-05          41  1.563E-01  4.832E-02
INSTANCE WITH CRITICAL ELEMENT: HALFBLOCK-1-LIN-1-2-LIN-2-1
   757138  1.089E+01 1.089E+01  07:57:45 1.446E-05          33  1.585E-01  4.758E-02
INSTANCE WITH CRITICAL ELEMENT: HALFBLOCK-1-LIN-1-2-LIN-11-1
   760333  1.093E+01 1.093E+01  07:59:45 1.446E-05          29  1.529E-01  4.745E-02
INSTANCE WITH CRITICAL ELEMENT: HALFBLOCK-1-LIN-1-2-LIN-11-1
   763514  1.098E+01 1.098E+01  08:01:45 1.446E-05          38  2.229E-01  5.701E-02
INSTANCE WITH CRITICAL ELEMENT: HALFBLOCK-1-LIN-1-2-LIN-11-1
   766641  1.102E+01 1.102E+01  08:03:46 1.446E-05          38  2.207E-01  5.294E-02
INSTANCE WITH CRITICAL ELEMENT: HALFBLOCK-1-LIN-1-2-LIN-11-1
   769657  1.107E+01 1.107E+01  08:05:47 1.446E-05          35  1.674E-01  4.882E-02
INSTANCE WITH CRITICAL ELEMENT: HALFBLOCK-1-LIN-1-2-LIN-11-1
   772664  1.111E+01 1.111E+01  08:07:47 1.446E-05          29  1.854E-01  5.144E-02
INSTANCE WITH CRITICAL ELEMENT: HALFBLOCK-1-LIN-1-2-LIN-11-1
   775510  1.115E+01 1.115E+01  08:09:47 1.446E-05          41  1.583E-01  4.652E-02
INSTANCE WITH CRITICAL ELEMENT: HALFBLOCK-1-LIN-1-2-LIN-2-1
   778643  1.119E+01 1.119E+01  08:11:47 1.446E-05          29  1.579E-01  4.808E-02
INSTANCE WITH CRITICAL ELEMENT: HALFBLOCK-1-LIN-1-2-LIN-11-1
   781762  1.124E+01 1.124E+01  08:13:47 1.446E-05          35  1.602E-01  4.846E-02
INSTANCE WITH CRITICAL ELEMENT: HALFBLOCK-1-LIN-1-2-LIN-9-1
   784987  1.129E+01 1.129E+01  08:15:48 1.446E-05          36  2.359E-01  5.447E-02
INSTANCE WITH CRITICAL ELEMENT: HALFBLOCK-1-LIN-1-2-LIN-11-1
   788210  1.133E+01 1.133E+01  08:17:48 1.446E-05          33  1.628E-01  4.758E-02
INSTANCE WITH CRITICAL ELEMENT: HALFBLOCK-1-LIN-1-2-LIN-11-1
   791454  1.138E+01 1.138E+01  08:19:49 1.446E-05          41  1.597E-01  4.794E-02
INSTANCE WITH CRITICAL ELEMENT: HALFBLOCK-1-LIN-1-2-LIN-2-1
   792996  1.140E+01 1.140E+01  08:20:50 1.446E-05          41  1.597E-01  4.751E-02
INSTANCE WITH CRITICAL ELEMENT: HALFBLOCK-1-LIN-1-2-LIN-2-1
Output Field Frame Number  19, of   20, at step time 1.140E+01
   795978  1.144E+01 1.144E+01  08:22:51 1.446E-05          29  1.567E-01  4.628E-02
INSTANCE WITH CRITICAL ELEMENT: HALFBLOCK-1-LIN-1-2-LIN-11-1
   799193  1.149E+01 1.149E+01  08:24:52 1.446E-05          41  1.645E-01  4.810E-02
INSTANCE WITH CRITICAL ELEMENT: HALFBLOCK-1-LIN-1-2-LIN-2-1
   802399  1.153E+01 1.153E+01  08:26:53 1.446E-05          38  1.646E-01  4.931E-02
INSTANCE WITH CRITICAL ELEMENT: HALFBLOCK-1-LIN-1-2-LIN-11-1
   805632  1.158E+01 1.158E+01  08:28:53 1.446E-05          38  1.763E-01  4.920E-02
INSTANCE WITH CRITICAL ELEMENT: HALFBLOCK-1-LIN-1-2-LIN-11-1
   808818  1.163E+01 1.163E+01  08:30:53 1.446E-05          41  1.572E-01  4.800E-02
INSTANCE WITH CRITICAL ELEMENT: HALFBLOCK-1-LIN-1-2-LIN-2-1
   811998  1.167E+01 1.167E+01  08:32:53 1.446E-05          29  1.857E-01  5.070E-02
INSTANCE WITH CRITICAL ELEMENT: HALFBLOCK-1-LIN-1-2
   815235  1.172E+01 1.172E+01  08:34:54 1.446E-05          36  1.896E-01  4.924E-02
INSTANCE WITH CRITICAL ELEMENT: HALFBLOCK-1-LIN-1-2
   818491  1.176E+01 1.176E+01  08:36:55 1.446E-05          41  2.726E-01  5.746E-02
INSTANCE WITH CRITICAL ELEMENT: HALFBLOCK-1-LIN-1-2-LIN-2-1
   821717  1.181E+01 1.181E+01  08:38:56 1.446E-05          42  1.538E-01  4.720E-02
INSTANCE WITH CRITICAL ELEMENT: HALFBLOCK-1-LIN-1-2-LIN-11-1
   824965  1.186E+01 1.186E+01  08:40:56 1.446E-05          41  1.552E-01  4.754E-02
INSTANCE WITH CRITICAL ELEMENT: HALFBLOCK-1-LIN-1-2-LIN-2-1
   828210  1.190E+01 1.190E+01  08:42:57 1.446E-05          41  1.708E-01  5.044E-02
INSTANCE WITH CRITICAL ELEMENT: HALFBLOCK-1-LIN-1-2-LIN-2-1
   831456  1.195E+01 1.195E+01  08:44:57 1.446E-05          40  1.518E-01  4.931E-02
INSTANCE WITH CRITICAL ELEMENT: HALFBLOCK-1-LIN-1-2
   834699  1.200E+01 1.200E+01  08:46:58 1.446E-05          42  1.531E-01  4.754E-02
INSTANCE WITH CRITICAL ELEMENT: HALFBLOCK-1-LIN-1-2-LIN-11-1
   834940  1.200E+01 1.200E+01  08:47:08 1.446E-05          41  1.606E-01  4.767E-02
INSTANCE WITH CRITICAL ELEMENT: HALFBLOCK-1-LIN-1-2-LIN-2-1
Restart Number  1 at 12.000
Output Field Frame Number  20, of   20, at step time 1.200E+01
  EXPLICIT EXECUTABLE TIME SUMMARY
       USER TIME (SEC)      =   31579.
       SYSTEM TIME (SEC)    =   4.6000
       WALLCLOCK TIME (SEC) =        31629
              INIT (SEC) =          2
              MAIN (SEC) =      31627

  THE ANALYSIS HAS COMPLETED SUCCESSFULLY

